[PackFile\20:42:47.49] New packfile: mmfs2.dll
[PackFile\20:42:47.49] New packfile: mmf2d3d9.dll (Compressed)
[PackFile\20:42:47.50] New packfile: mmf2d3d8.dll (Compressed)
[PackFile\20:42:47.50] New packfile: Perspective.mfx (Compressed)
[PackFile\20:42:47.50] New packfile: kcini.mfx (Compressed)
[PackFile\20:42:47.50] New packfile: kcclock.mfx (Compressed)
[PackFile\20:42:47.50] New packfile: cctrans.dll (Compressed)
[PackFile\20:42:47.50] New packfile: waveflt.sft (Compressed)
[CCNPackageData\20:42:47.50] Running build 'Unknown'
[CCNPackageData\20:42:47.50] Game Header: PAMU
[CCNPackageData\20:42:47.50] Fusion Build: 284 (Fusion 2.5)
[CCNPackageData\20:42:47.50] Reading Chunk 0x2223 (AppHeader)
[CCNPackageData\20:42:47.50] Reading Chunk 0x2246 (AppCodePage)
[CCNPackageData\20:42:47.50] Reading Chunk 0x2224 (AppName)
[CCNPackageData\20:42:47.50] Reading Chunk 0x2225 (Author)
[CCNPackageData\20:42:47.50] Reading Chunk 0x222F (TargetFilename)
[CCNPackageData\20:42:47.50] Reading Chunk 0x222E (EditorFilename)
[CCNPackageData\20:42:47.51] Reading Chunk 0x2235 (AppIcon)
[CCNPackageData\20:42:47.51] Reading Chunk 0x2245 (ExtendedHeader)
[CCNPackageData\20:42:47.51] Reading Chunk 0x224F (EngineVer)
[CCNPackageData\20:42:47.51] Reading Chunk 0x2226 (MenuBar)
[CCNPackageData\20:42:47.51] Reading Chunk 0x222C (ExtensionData)
[CCNPackageData\20:42:47.51] Reading Chunk 0x2234 (Extensions)
[CCNPackageData\20:42:47.51] Reading Chunk 0x2231 (TransitionFile)
[CCNPackageData\20:42:47.51] Reading Chunk 0x2229 (FrameItems)
[ObjectInfo\20:42:47.51] Reading Object Chunk 0x4444 (ObjectInfoHeader)
[ObjectInfo\20:42:47.51] Reading Object Chunk 0x4445 (ObjectInfoName)
[ObjectInfo\20:42:47.51] Reading Object Chunk 0x4446 (ObjectCommon)
[ObjectInfo\20:42:47.51] Reading Object Chunk 0x7F7F (Last)
[ObjectInfo\20:42:47.51] Reading Object Chunk 0x4444 (ObjectInfoHeader)
[ObjectInfo\20:42:47.51] Reading Object Chunk 0x4445 (ObjectInfoName)
[ObjectInfo\20:42:47.51] Reading Object Chunk 0x4446 (ObjectCommon)
[ObjectInfo\20:42:47.51] Reading Object Chunk 0x7F7F (Last)
[ObjectInfo\20:42:47.51] Reading Object Chunk 0x4444 (ObjectInfoHeader)
[ObjectInfo\20:42:47.51] Reading Object Chunk 0x4445 (ObjectInfoName)
[ObjectInfo\20:42:47.51] Reading Object Chunk 0x4446 (ObjectCommon)
[ObjectInfo\20:42:47.51] Reading Object Chunk 0x7F7F (Last)
[ObjectInfo\20:42:47.51] Reading Object Chunk 0x4444 (ObjectInfoHeader)
[ObjectInfo\20:42:47.51] Reading Object Chunk 0x4445 (ObjectInfoName)
[ObjectInfo\20:42:47.51] Reading Object Chunk 0x4446 (ObjectCommon)
[ObjectInfo\20:42:47.51] Reading Object Chunk 0x7F7F (Last)
[ObjectInfo\20:42:47.51] Reading Object Chunk 0x4444 (ObjectInfoHeader)
[ObjectInfo\20:42:47.51] Reading Object Chunk 0x4445 (ObjectInfoName)
[ObjectInfo\20:42:47.51] Reading Object Chunk 0x4446 (ObjectCommon)
[ObjectInfo\20:42:47.51] Reading Object Chunk 0x7F7F (Last)
[ObjectInfo\20:42:47.51] Reading Object Chunk 0x4444 (ObjectInfoHeader)
[ObjectInfo\20:42:47.51] Reading Object Chunk 0x4445 (ObjectInfoName)
[ObjectInfo\20:42:47.51] Reading Object Chunk 0x4446 (ObjectCommon)
[ObjectInfo\20:42:47.51] Reading Object Chunk 0x7F7F (Last)
[ObjectInfo\20:42:47.51] Reading Object Chunk 0x4444 (ObjectInfoHeader)
[ObjectInfo\20:42:47.51] Reading Object Chunk 0x4445 (ObjectInfoName)
[ObjectInfo\20:42:47.51] Reading Object Chunk 0x4446 (ObjectCommon)
[ObjectInfo\20:42:47.51] Reading Object Chunk 0x7F7F (Last)
[ObjectInfo\20:42:47.51] Reading Object Chunk 0x4444 (ObjectInfoHeader)
[ObjectInfo\20:42:47.51] Reading Object Chunk 0x4445 (ObjectInfoName)
[ObjectInfo\20:42:47.51] Reading Object Chunk 0x4446 (ObjectCommon)
[ObjectInfo\20:42:47.51] Reading Object Chunk 0x7F7F (Last)
[ObjectInfo\20:42:47.51] Reading Object Chunk 0x4444 (ObjectInfoHeader)
[ObjectInfo\20:42:47.51] Reading Object Chunk 0x4445 (ObjectInfoName)
[ObjectInfo\20:42:47.51] Reading Object Chunk 0x4446 (ObjectCommon)
[ObjectInfo\20:42:47.51] Reading Object Chunk 0x7F7F (Last)
[ObjectInfo\20:42:47.51] Reading Object Chunk 0x4444 (ObjectInfoHeader)
[ObjectInfo\20:42:47.51] Reading Object Chunk 0x4445 (ObjectInfoName)
[ObjectInfo\20:42:47.51] Reading Object Chunk 0x4446 (ObjectCommon)
[ObjectInfo\20:42:47.52] Reading Object Chunk 0x7F7F (Last)
[ObjectInfo\20:42:47.52] Reading Object Chunk 0x4444 (ObjectInfoHeader)
[ObjectInfo\20:42:47.52] Reading Object Chunk 0x4445 (ObjectInfoName)
[ObjectInfo\20:42:47.52] Reading Object Chunk 0x4446 (ObjectCommon)
[ObjectInfo\20:42:47.52] Reading Object Chunk 0x7F7F (Last)
[ObjectInfo\20:42:47.52] Reading Object Chunk 0x4444 (ObjectInfoHeader)
[ObjectInfo\20:42:47.52] Reading Object Chunk 0x4445 (ObjectInfoName)
[ObjectInfo\20:42:47.52] Reading Object Chunk 0x4446 (ObjectCommon)
[ObjectInfo\20:42:47.52] Reading Object Chunk 0x7F7F (Last)
[ObjectInfo\20:42:47.52] Reading Object Chunk 0x4444 (ObjectInfoHeader)
[ObjectInfo\20:42:47.52] Reading Object Chunk 0x4445 (ObjectInfoName)
[ObjectInfo\20:42:47.52] Reading Object Chunk 0x4446 (ObjectCommon)
[ObjectInfo\20:42:47.52] Reading Object Chunk 0x7F7F (Last)
[ObjectInfo\20:42:47.52] Reading Object Chunk 0x4444 (ObjectInfoHeader)
[ObjectInfo\20:42:47.52] Reading Object Chunk 0x4445 (ObjectInfoName)
[ObjectInfo\20:42:47.52] Reading Object Chunk 0x4446 (ObjectCommon)
[ObjectInfo\20:42:47.52] Reading Object Chunk 0x7F7F (Last)
[ObjectInfo\20:42:47.52] Reading Object Chunk 0x4444 (ObjectInfoHeader)
[ObjectInfo\20:42:47.52] Reading Object Chunk 0x4445 (ObjectInfoName)
[ObjectInfo\20:42:47.52] Reading Object Chunk 0x4446 (ObjectCommon)
[ObjectInfo\20:42:47.52] Reading Object Chunk 0x7F7F (Last)
[ObjectInfo\20:42:47.52] Reading Object Chunk 0x4444 (ObjectInfoHeader)
[ObjectInfo\20:42:47.52] Reading Object Chunk 0x4445 (ObjectInfoName)
[ObjectInfo\20:42:47.52] Reading Object Chunk 0x4446 (ObjectCommon)
[ObjectInfo\20:42:47.52] Reading Object Chunk 0x7F7F (Last)
[ObjectInfo\20:42:47.52] Reading Object Chunk 0x4444 (ObjectInfoHeader)
[ObjectInfo\20:42:47.52] Reading Object Chunk 0x4445 (ObjectInfoName)
[ObjectInfo\20:42:47.52] Reading Object Chunk 0x4446 (ObjectCommon)
[ObjectInfo\20:42:47.52] Reading Object Chunk 0x7F7F (Last)
[ObjectInfo\20:42:47.52] Reading Object Chunk 0x4444 (ObjectInfoHeader)
[ObjectInfo\20:42:47.52] Reading Object Chunk 0x4445 (ObjectInfoName)
[ObjectInfo\20:42:47.52] Reading Object Chunk 0x4446 (ObjectCommon)
[ObjectInfo\20:42:47.52] Reading Object Chunk 0x7F7F (Last)
[ObjectInfo\20:42:47.52] Reading Object Chunk 0x4444 (ObjectInfoHeader)
[ObjectInfo\20:42:47.52] Reading Object Chunk 0x4445 (ObjectInfoName)
[ObjectInfo\20:42:47.52] Reading Object Chunk 0x4446 (ObjectCommon)
[ObjectInfo\20:42:47.52] Reading Object Chunk 0x7F7F (Last)
[ObjectInfo\20:42:47.52] Reading Object Chunk 0x4444 (ObjectInfoHeader)
[ObjectInfo\20:42:47.52] Reading Object Chunk 0x4445 (ObjectInfoName)
[ObjectInfo\20:42:47.52] Reading Object Chunk 0x4446 (ObjectCommon)
[ObjectInfo\20:42:47.52] Reading Object Chunk 0x7F7F (Last)
[ObjectInfo\20:42:47.52] Reading Object Chunk 0x4444 (ObjectInfoHeader)
[ObjectInfo\20:42:47.52] Reading Object Chunk 0x4445 (ObjectInfoName)
[ObjectInfo\20:42:47.52] Reading Object Chunk 0x4446 (ObjectCommon)
[ObjectInfo\20:42:47.52] Reading Object Chunk 0x7F7F (Last)
[ObjectInfo\20:42:47.52] Reading Object Chunk 0x4444 (ObjectInfoHeader)
[ObjectInfo\20:42:47.52] Reading Object Chunk 0x4445 (ObjectInfoName)
[ObjectInfo\20:42:47.52] Reading Object Chunk 0x4446 (ObjectCommon)
[ObjectInfo\20:42:47.52] Reading Object Chunk 0x7F7F (Last)
[ObjectInfo\20:42:47.52] Reading Object Chunk 0x4444 (ObjectInfoHeader)
[ObjectInfo\20:42:47.52] Reading Object Chunk 0x4445 (ObjectInfoName)
[ObjectInfo\20:42:47.52] Reading Object Chunk 0x4446 (ObjectCommon)
[ObjectInfo\20:42:47.52] Reading Object Chunk 0x7F7F (Last)
[ObjectInfo\20:42:47.52] Reading Object Chunk 0x4444 (ObjectInfoHeader)
[ObjectInfo\20:42:47.52] Reading Object Chunk 0x4445 (ObjectInfoName)
[ObjectInfo\20:42:47.52] Reading Object Chunk 0x4446 (ObjectCommon)
[ObjectInfo\20:42:47.52] Reading Object Chunk 0x7F7F (Last)
[ObjectInfo\20:42:47.52] Reading Object Chunk 0x4444 (ObjectInfoHeader)
[ObjectInfo\20:42:47.52] Reading Object Chunk 0x4445 (ObjectInfoName)
[ObjectInfo\20:42:47.52] Reading Object Chunk 0x4446 (ObjectCommon)
[ObjectInfo\20:42:47.52] Reading Object Chunk 0x7F7F (Last)
[ObjectInfo\20:42:47.52] Reading Object Chunk 0x4444 (ObjectInfoHeader)
[ObjectInfo\20:42:47.52] Reading Object Chunk 0x4445 (ObjectInfoName)
[ObjectInfo\20:42:47.52] Reading Object Chunk 0x4446 (ObjectCommon)
[ObjectInfo\20:42:47.52] Reading Object Chunk 0x7F7F (Last)
[ObjectInfo\20:42:47.52] Reading Object Chunk 0x4444 (ObjectInfoHeader)
[ObjectInfo\20:42:47.52] Reading Object Chunk 0x4445 (ObjectInfoName)
[ObjectInfo\20:42:47.52] Reading Object Chunk 0x4446 (ObjectCommon)
[ObjectInfo\20:42:47.52] Reading Object Chunk 0x7F7F (Last)
[ObjectInfo\20:42:47.52] Reading Object Chunk 0x4444 (ObjectInfoHeader)
[ObjectInfo\20:42:47.52] Reading Object Chunk 0x4445 (ObjectInfoName)
[ObjectInfo\20:42:47.52] Reading Object Chunk 0x4446 (ObjectCommon)
[ObjectInfo\20:42:47.52] Reading Object Chunk 0x7F7F (Last)
[ObjectInfo\20:42:47.52] Reading Object Chunk 0x4444 (ObjectInfoHeader)
[ObjectInfo\20:42:47.52] Reading Object Chunk 0x4445 (ObjectInfoName)
[ObjectInfo\20:42:47.52] Reading Object Chunk 0x4446 (ObjectCommon)
[ObjectInfo\20:42:47.52] Reading Object Chunk 0x7F7F (Last)
[ObjectInfo\20:42:47.52] Reading Object Chunk 0x4444 (ObjectInfoHeader)
[ObjectInfo\20:42:47.52] Reading Object Chunk 0x4445 (ObjectInfoName)
[ObjectInfo\20:42:47.52] Reading Object Chunk 0x4446 (ObjectCommon)
[ObjectInfo\20:42:47.52] Reading Object Chunk 0x7F7F (Last)
[ObjectInfo\20:42:47.52] Reading Object Chunk 0x4444 (ObjectInfoHeader)
[ObjectInfo\20:42:47.52] Reading Object Chunk 0x4445 (ObjectInfoName)
[ObjectInfo\20:42:47.52] Reading Object Chunk 0x4446 (ObjectCommon)
[ObjectInfo\20:42:47.52] Reading Object Chunk 0x7F7F (Last)
[ObjectInfo\20:42:47.52] Reading Object Chunk 0x4444 (ObjectInfoHeader)
[ObjectInfo\20:42:47.52] Reading Object Chunk 0x4445 (ObjectInfoName)
[ObjectInfo\20:42:47.52] Reading Object Chunk 0x4446 (ObjectCommon)
[ObjectInfo\20:42:47.52] Reading Object Chunk 0x7F7F (Last)
[ObjectInfo\20:42:47.52] Reading Object Chunk 0x4444 (ObjectInfoHeader)
[ObjectInfo\20:42:47.52] Reading Object Chunk 0x4445 (ObjectInfoName)
[ObjectInfo\20:42:47.52] Reading Object Chunk 0x4446 (ObjectCommon)
[ObjectInfo\20:42:47.52] Reading Object Chunk 0x7F7F (Last)
[ObjectInfo\20:42:47.52] Reading Object Chunk 0x4444 (ObjectInfoHeader)
[ObjectInfo\20:42:47.52] Reading Object Chunk 0x4445 (ObjectInfoName)
[ObjectInfo\20:42:47.52] Reading Object Chunk 0x4446 (ObjectCommon)
[ObjectInfo\20:42:47.52] Reading Object Chunk 0x7F7F (Last)
[ObjectInfo\20:42:47.52] Reading Object Chunk 0x4444 (ObjectInfoHeader)
[ObjectInfo\20:42:47.52] Reading Object Chunk 0x4445 (ObjectInfoName)
[ObjectInfo\20:42:47.52] Reading Object Chunk 0x4446 (ObjectCommon)
[ObjectInfo\20:42:47.52] Reading Object Chunk 0x7F7F (Last)
[ObjectInfo\20:42:47.52] Reading Object Chunk 0x4444 (ObjectInfoHeader)
[ObjectInfo\20:42:47.52] Reading Object Chunk 0x4445 (ObjectInfoName)
[ObjectInfo\20:42:47.52] Reading Object Chunk 0x4446 (ObjectCommon)
[ObjectInfo\20:42:47.52] Reading Object Chunk 0x7F7F (Last)
[ObjectInfo\20:42:47.52] Reading Object Chunk 0x4444 (ObjectInfoHeader)
[ObjectInfo\20:42:47.52] Reading Object Chunk 0x4445 (ObjectInfoName)
[ObjectInfo\20:42:47.52] Reading Object Chunk 0x4446 (ObjectCommon)
[ObjectInfo\20:42:47.52] Reading Object Chunk 0x7F7F (Last)
[ObjectInfo\20:42:47.52] Reading Object Chunk 0x4444 (ObjectInfoHeader)
[ObjectInfo\20:42:47.52] Reading Object Chunk 0x4445 (ObjectInfoName)
[ObjectInfo\20:42:47.52] Reading Object Chunk 0x4446 (ObjectCommon)
[ObjectInfo\20:42:47.52] Reading Object Chunk 0x7F7F (Last)
[ObjectInfo\20:42:47.52] Reading Object Chunk 0x4444 (ObjectInfoHeader)
[ObjectInfo\20:42:47.52] Reading Object Chunk 0x4445 (ObjectInfoName)
[ObjectInfo\20:42:47.52] Reading Object Chunk 0x4446 (ObjectCommon)
[ObjectInfo\20:42:47.52] Reading Object Chunk 0x7F7F (Last)
[ObjectInfo\20:42:47.52] Reading Object Chunk 0x4444 (ObjectInfoHeader)
[ObjectInfo\20:42:47.52] Reading Object Chunk 0x4445 (ObjectInfoName)
[ObjectInfo\20:42:47.52] Reading Object Chunk 0x4446 (ObjectCommon)
[ObjectInfo\20:42:47.52] Reading Object Chunk 0x7F7F (Last)
[ObjectInfo\20:42:47.52] Reading Object Chunk 0x4444 (ObjectInfoHeader)
[ObjectInfo\20:42:47.52] Reading Object Chunk 0x4445 (ObjectInfoName)
[ObjectInfo\20:42:47.52] Reading Object Chunk 0x4446 (ObjectCommon)
[ObjectInfo\20:42:47.52] Reading Object Chunk 0x7F7F (Last)
[ObjectInfo\20:42:47.52] Reading Object Chunk 0x4444 (ObjectInfoHeader)
[ObjectInfo\20:42:47.52] Reading Object Chunk 0x4445 (ObjectInfoName)
[ObjectInfo\20:42:47.52] Reading Object Chunk 0x4446 (ObjectCommon)
[ObjectInfo\20:42:47.52] Reading Object Chunk 0x7F7F (Last)
[ObjectInfo\20:42:47.52] Reading Object Chunk 0x4444 (ObjectInfoHeader)
[ObjectInfo\20:42:47.52] Reading Object Chunk 0x4445 (ObjectInfoName)
[ObjectInfo\20:42:47.52] Reading Object Chunk 0x4446 (ObjectCommon)
[ObjectInfo\20:42:47.52] Reading Object Chunk 0x7F7F (Last)
[ObjectInfo\20:42:47.52] Reading Object Chunk 0x4444 (ObjectInfoHeader)
[ObjectInfo\20:42:47.52] Reading Object Chunk 0x4445 (ObjectInfoName)
[ObjectInfo\20:42:47.52] Reading Object Chunk 0x4446 (ObjectCommon)
[ObjectInfo\20:42:47.52] Reading Object Chunk 0x7F7F (Last)
[ObjectInfo\20:42:47.52] Reading Object Chunk 0x4444 (ObjectInfoHeader)
[ObjectInfo\20:42:47.52] Reading Object Chunk 0x4445 (ObjectInfoName)
[ObjectInfo\20:42:47.52] Reading Object Chunk 0x4446 (ObjectCommon)
[ObjectInfo\20:42:47.52] Reading Object Chunk 0x7F7F (Last)
[ObjectInfo\20:42:47.52] Reading Object Chunk 0x4444 (ObjectInfoHeader)
[ObjectInfo\20:42:47.52] Reading Object Chunk 0x4445 (ObjectInfoName)
[ObjectInfo\20:42:47.52] Reading Object Chunk 0x4446 (ObjectCommon)
[ObjectInfo\20:42:47.52] Reading Object Chunk 0x7F7F (Last)
[ObjectInfo\20:42:47.52] Reading Object Chunk 0x4444 (ObjectInfoHeader)
[ObjectInfo\20:42:47.52] Reading Object Chunk 0x4445 (ObjectInfoName)
[ObjectInfo\20:42:47.52] Reading Object Chunk 0x4446 (ObjectCommon)
[ObjectInfo\20:42:47.52] Reading Object Chunk 0x7F7F (Last)
[ObjectInfo\20:42:47.52] Reading Object Chunk 0x4444 (ObjectInfoHeader)
[ObjectInfo\20:42:47.52] Reading Object Chunk 0x4445 (ObjectInfoName)
[ObjectInfo\20:42:47.52] Reading Object Chunk 0x4446 (ObjectCommon)
[ObjectInfo\20:42:47.52] Reading Object Chunk 0x7F7F (Last)
[ObjectInfo\20:42:47.52] Reading Object Chunk 0x4444 (ObjectInfoHeader)
[ObjectInfo\20:42:47.52] Reading Object Chunk 0x4445 (ObjectInfoName)
[ObjectInfo\20:42:47.52] Reading Object Chunk 0x4446 (ObjectCommon)
[ObjectInfo\20:42:47.52] Reading Object Chunk 0x7F7F (Last)
[ObjectInfo\20:42:47.52] Reading Object Chunk 0x4444 (ObjectInfoHeader)
[ObjectInfo\20:42:47.52] Reading Object Chunk 0x4445 (ObjectInfoName)
[ObjectInfo\20:42:47.52] Reading Object Chunk 0x4446 (ObjectCommon)
[ObjectInfo\20:42:47.52] Reading Object Chunk 0x7F7F (Last)
[ObjectInfo\20:42:47.52] Reading Object Chunk 0x4444 (ObjectInfoHeader)
[ObjectInfo\20:42:47.52] Reading Object Chunk 0x4445 (ObjectInfoName)
[ObjectInfo\20:42:47.52] Reading Object Chunk 0x4446 (ObjectCommon)
[ObjectInfo\20:42:47.52] Reading Object Chunk 0x7F7F (Last)
[ObjectInfo\20:42:47.52] Reading Object Chunk 0x4444 (ObjectInfoHeader)
[ObjectInfo\20:42:47.52] Reading Object Chunk 0x4445 (ObjectInfoName)
[ObjectInfo\20:42:47.52] Reading Object Chunk 0x4446 (ObjectCommon)
[ObjectInfo\20:42:47.52] Reading Object Chunk 0x7F7F (Last)
[ObjectInfo\20:42:47.52] Reading Object Chunk 0x4444 (ObjectInfoHeader)
[ObjectInfo\20:42:47.52] Reading Object Chunk 0x4445 (ObjectInfoName)
[ObjectInfo\20:42:47.52] Reading Object Chunk 0x4446 (ObjectCommon)
[ObjectInfo\20:42:47.52] Reading Object Chunk 0x7F7F (Last)
[ObjectInfo\20:42:47.52] Reading Object Chunk 0x4444 (ObjectInfoHeader)
[ObjectInfo\20:42:47.52] Reading Object Chunk 0x4445 (ObjectInfoName)
[ObjectInfo\20:42:47.52] Reading Object Chunk 0x4446 (ObjectCommon)
[ObjectInfo\20:42:47.52] Reading Object Chunk 0x7F7F (Last)
[ObjectInfo\20:42:47.52] Reading Object Chunk 0x4444 (ObjectInfoHeader)
[ObjectInfo\20:42:47.52] Reading Object Chunk 0x4445 (ObjectInfoName)
[ObjectInfo\20:42:47.52] Reading Object Chunk 0x4446 (ObjectCommon)
[ObjectInfo\20:42:47.52] Reading Object Chunk 0x7F7F (Last)
[ObjectInfo\20:42:47.52] Reading Object Chunk 0x4444 (ObjectInfoHeader)
[ObjectInfo\20:42:47.52] Reading Object Chunk 0x4445 (ObjectInfoName)
[ObjectInfo\20:42:47.52] Reading Object Chunk 0x4446 (ObjectCommon)
[ObjectInfo\20:42:47.52] Reading Object Chunk 0x7F7F (Last)
[ObjectInfo\20:42:47.52] Reading Object Chunk 0x4444 (ObjectInfoHeader)
[ObjectInfo\20:42:47.52] Reading Object Chunk 0x4445 (ObjectInfoName)
[ObjectInfo\20:42:47.52] Reading Object Chunk 0x4446 (ObjectCommon)
[ObjectInfo\20:42:47.52] Reading Object Chunk 0x7F7F (Last)
[ObjectInfo\20:42:47.52] Reading Object Chunk 0x4444 (ObjectInfoHeader)
[ObjectInfo\20:42:47.52] Reading Object Chunk 0x4445 (ObjectInfoName)
[ObjectInfo\20:42:47.52] Reading Object Chunk 0x4446 (ObjectCommon)
[ObjectInfo\20:42:47.52] Reading Object Chunk 0x7F7F (Last)
[ObjectInfo\20:42:47.52] Reading Object Chunk 0x4444 (ObjectInfoHeader)
[ObjectInfo\20:42:47.52] Reading Object Chunk 0x4445 (ObjectInfoName)
[ObjectInfo\20:42:47.52] Reading Object Chunk 0x4446 (ObjectCommon)
[ObjectInfo\20:42:47.52] Reading Object Chunk 0x7F7F (Last)
[ObjectInfo\20:42:47.52] Reading Object Chunk 0x4444 (ObjectInfoHeader)
[ObjectInfo\20:42:47.52] Reading Object Chunk 0x4445 (ObjectInfoName)
[ObjectInfo\20:42:47.52] Reading Object Chunk 0x4446 (ObjectCommon)
[ObjectInfo\20:42:47.52] Reading Object Chunk 0x7F7F (Last)
[ObjectInfo\20:42:47.52] Reading Object Chunk 0x4444 (ObjectInfoHeader)
[ObjectInfo\20:42:47.52] Reading Object Chunk 0x4445 (ObjectInfoName)
[ObjectInfo\20:42:47.52] Reading Object Chunk 0x4446 (ObjectCommon)
[ObjectInfo\20:42:47.52] Reading Object Chunk 0x7F7F (Last)
[ObjectInfo\20:42:47.52] Reading Object Chunk 0x4444 (ObjectInfoHeader)
[ObjectInfo\20:42:47.52] Reading Object Chunk 0x4445 (ObjectInfoName)
[ObjectInfo\20:42:47.52] Reading Object Chunk 0x4446 (ObjectCommon)
[ObjectInfo\20:42:47.52] Reading Object Chunk 0x7F7F (Last)
[ObjectInfo\20:42:47.52] Reading Object Chunk 0x4444 (ObjectInfoHeader)
[ObjectInfo\20:42:47.52] Reading Object Chunk 0x4445 (ObjectInfoName)
[ObjectInfo\20:42:47.52] Reading Object Chunk 0x4446 (ObjectCommon)
[ObjectInfo\20:42:47.52] Reading Object Chunk 0x7F7F (Last)
[ObjectInfo\20:42:47.52] Reading Object Chunk 0x4444 (ObjectInfoHeader)
[ObjectInfo\20:42:47.52] Reading Object Chunk 0x4445 (ObjectInfoName)
[ObjectInfo\20:42:47.52] Reading Object Chunk 0x4446 (ObjectCommon)
[ObjectInfo\20:42:47.52] Reading Object Chunk 0x7F7F (Last)
[ObjectInfo\20:42:47.52] Reading Object Chunk 0x4444 (ObjectInfoHeader)
[ObjectInfo\20:42:47.52] Reading Object Chunk 0x4445 (ObjectInfoName)
[ObjectInfo\20:42:47.52] Reading Object Chunk 0x4446 (ObjectCommon)
[ObjectInfo\20:42:47.52] Reading Object Chunk 0x7F7F (Last)
[ObjectInfo\20:42:47.52] Reading Object Chunk 0x4444 (ObjectInfoHeader)
[ObjectInfo\20:42:47.52] Reading Object Chunk 0x4445 (ObjectInfoName)
[ObjectInfo\20:42:47.52] Reading Object Chunk 0x4446 (ObjectCommon)
[ObjectInfo\20:42:47.52] Reading Object Chunk 0x7F7F (Last)
[ObjectInfo\20:42:47.52] Reading Object Chunk 0x4444 (ObjectInfoHeader)
[ObjectInfo\20:42:47.52] Reading Object Chunk 0x4445 (ObjectInfoName)
[ObjectInfo\20:42:47.52] Reading Object Chunk 0x4446 (ObjectCommon)
[ObjectInfo\20:42:47.52] Reading Object Chunk 0x7F7F (Last)
[ObjectInfo\20:42:47.52] Reading Object Chunk 0x4444 (ObjectInfoHeader)
[ObjectInfo\20:42:47.52] Reading Object Chunk 0x4445 (ObjectInfoName)
[ObjectInfo\20:42:47.52] Reading Object Chunk 0x4446 (ObjectCommon)
[ObjectInfo\20:42:47.52] Reading Object Chunk 0x7F7F (Last)
[ObjectInfo\20:42:47.52] Reading Object Chunk 0x4444 (ObjectInfoHeader)
[ObjectInfo\20:42:47.52] Reading Object Chunk 0x4445 (ObjectInfoName)
[ObjectInfo\20:42:47.52] Reading Object Chunk 0x4446 (ObjectCommon)
[ObjectInfo\20:42:47.52] Reading Object Chunk 0x7F7F (Last)
[ObjectInfo\20:42:47.52] Reading Object Chunk 0x4444 (ObjectInfoHeader)
[ObjectInfo\20:42:47.52] Reading Object Chunk 0x4445 (ObjectInfoName)
[ObjectInfo\20:42:47.52] Reading Object Chunk 0x4446 (ObjectCommon)
[ObjectInfo\20:42:47.52] Reading Object Chunk 0x7F7F (Last)
[ObjectInfo\20:42:47.52] Reading Object Chunk 0x4444 (ObjectInfoHeader)
[ObjectInfo\20:42:47.52] Reading Object Chunk 0x4445 (ObjectInfoName)
[ObjectInfo\20:42:47.52] Reading Object Chunk 0x4446 (ObjectCommon)
[ObjectInfo\20:42:47.52] Reading Object Chunk 0x7F7F (Last)
[ObjectInfo\20:42:47.52] Reading Object Chunk 0x4444 (ObjectInfoHeader)
[ObjectInfo\20:42:47.52] Reading Object Chunk 0x4445 (ObjectInfoName)
[ObjectInfo\20:42:47.52] Reading Object Chunk 0x4446 (ObjectCommon)
[ObjectInfo\20:42:47.52] Reading Object Chunk 0x7F7F (Last)
[ObjectInfo\20:42:47.52] Reading Object Chunk 0x4444 (ObjectInfoHeader)
[ObjectInfo\20:42:47.52] Reading Object Chunk 0x4445 (ObjectInfoName)
[ObjectInfo\20:42:47.52] Reading Object Chunk 0x4446 (ObjectCommon)
[ObjectInfo\20:42:47.52] Reading Object Chunk 0x7F7F (Last)
[ObjectInfo\20:42:47.52] Reading Object Chunk 0x4444 (ObjectInfoHeader)
[ObjectInfo\20:42:47.52] Reading Object Chunk 0x4445 (ObjectInfoName)
[ObjectInfo\20:42:47.52] Reading Object Chunk 0x4446 (ObjectCommon)
[ObjectInfo\20:42:47.52] Reading Object Chunk 0x7F7F (Last)
[ObjectInfo\20:42:47.52] Reading Object Chunk 0x4444 (ObjectInfoHeader)
[ObjectInfo\20:42:47.52] Reading Object Chunk 0x4445 (ObjectInfoName)
[ObjectInfo\20:42:47.52] Reading Object Chunk 0x4446 (ObjectCommon)
[ObjectInfo\20:42:47.52] Reading Object Chunk 0x7F7F (Last)
[ObjectInfo\20:42:47.52] Reading Object Chunk 0x4444 (ObjectInfoHeader)
[ObjectInfo\20:42:47.52] Reading Object Chunk 0x4445 (ObjectInfoName)
[ObjectInfo\20:42:47.52] Reading Object Chunk 0x4446 (ObjectCommon)
[ObjectInfo\20:42:47.52] Reading Object Chunk 0x7F7F (Last)
[ObjectInfo\20:42:47.52] Reading Object Chunk 0x4444 (ObjectInfoHeader)
[ObjectInfo\20:42:47.52] Reading Object Chunk 0x4445 (ObjectInfoName)
[ObjectInfo\20:42:47.52] Reading Object Chunk 0x4446 (ObjectCommon)
[ObjectInfo\20:42:47.52] Reading Object Chunk 0x7F7F (Last)
[ObjectInfo\20:42:47.52] Reading Object Chunk 0x4444 (ObjectInfoHeader)
[ObjectInfo\20:42:47.52] Reading Object Chunk 0x4445 (ObjectInfoName)
[ObjectInfo\20:42:47.52] Reading Object Chunk 0x4446 (ObjectCommon)
[ObjectInfo\20:42:47.52] Reading Object Chunk 0x7F7F (Last)
[ObjectInfo\20:42:47.52] Reading Object Chunk 0x4444 (ObjectInfoHeader)
[ObjectInfo\20:42:47.52] Reading Object Chunk 0x4445 (ObjectInfoName)
[ObjectInfo\20:42:47.52] Reading Object Chunk 0x4446 (ObjectCommon)
[ObjectInfo\20:42:47.52] Reading Object Chunk 0x7F7F (Last)
[ObjectInfo\20:42:47.52] Reading Object Chunk 0x4444 (ObjectInfoHeader)
[ObjectInfo\20:42:47.52] Reading Object Chunk 0x4445 (ObjectInfoName)
[ObjectInfo\20:42:47.52] Reading Object Chunk 0x4446 (ObjectCommon)
[ObjectInfo\20:42:47.52] Reading Object Chunk 0x7F7F (Last)
[ObjectInfo\20:42:47.52] Reading Object Chunk 0x4444 (ObjectInfoHeader)
[ObjectInfo\20:42:47.52] Reading Object Chunk 0x4445 (ObjectInfoName)
[ObjectInfo\20:42:47.52] Reading Object Chunk 0x4446 (ObjectCommon)
[ObjectInfo\20:42:47.52] Reading Object Chunk 0x7F7F (Last)
[ObjectInfo\20:42:47.52] Reading Object Chunk 0x4444 (ObjectInfoHeader)
[ObjectInfo\20:42:47.52] Reading Object Chunk 0x4445 (ObjectInfoName)
[ObjectInfo\20:42:47.52] Reading Object Chunk 0x4446 (ObjectCommon)
[ObjectInfo\20:42:47.52] Reading Object Chunk 0x7F7F (Last)
[ObjectInfo\20:42:47.52] Reading Object Chunk 0x4444 (ObjectInfoHeader)
[ObjectInfo\20:42:47.52] Reading Object Chunk 0x4445 (ObjectInfoName)
[ObjectInfo\20:42:47.52] Reading Object Chunk 0x4446 (ObjectCommon)
[ObjectInfo\20:42:47.52] Reading Object Chunk 0x7F7F (Last)
[ObjectInfo\20:42:47.52] Reading Object Chunk 0x4444 (ObjectInfoHeader)
[ObjectInfo\20:42:47.52] Reading Object Chunk 0x4445 (ObjectInfoName)
[ObjectInfo\20:42:47.52] Reading Object Chunk 0x4446 (ObjectCommon)
[ObjectInfo\20:42:47.52] Reading Object Chunk 0x7F7F (Last)
[ObjectInfo\20:42:47.52] Reading Object Chunk 0x4444 (ObjectInfoHeader)
[ObjectInfo\20:42:47.52] Reading Object Chunk 0x4445 (ObjectInfoName)
[ObjectInfo\20:42:47.52] Reading Object Chunk 0x4446 (ObjectCommon)
[ObjectInfo\20:42:47.52] Reading Object Chunk 0x7F7F (Last)
[ObjectInfo\20:42:47.52] Reading Object Chunk 0x4444 (ObjectInfoHeader)
[ObjectInfo\20:42:47.52] Reading Object Chunk 0x4445 (ObjectInfoName)
[ObjectInfo\20:42:47.52] Reading Object Chunk 0x4446 (ObjectCommon)
[ObjectInfo\20:42:47.52] Reading Object Chunk 0x7F7F (Last)
[ObjectInfo\20:42:47.52] Reading Object Chunk 0x4444 (ObjectInfoHeader)
[ObjectInfo\20:42:47.52] Reading Object Chunk 0x4445 (ObjectInfoName)
[ObjectInfo\20:42:47.52] Reading Object Chunk 0x4446 (ObjectCommon)
[ObjectInfo\20:42:47.52] Reading Object Chunk 0x7F7F (Last)
[ObjectInfo\20:42:47.52] Reading Object Chunk 0x4444 (ObjectInfoHeader)
[ObjectInfo\20:42:47.52] Reading Object Chunk 0x4445 (ObjectInfoName)
[ObjectInfo\20:42:47.52] Reading Object Chunk 0x4446 (ObjectCommon)
[ObjectInfo\20:42:47.52] Reading Object Chunk 0x7F7F (Last)
[ObjectInfo\20:42:47.52] Reading Object Chunk 0x4444 (ObjectInfoHeader)
[ObjectInfo\20:42:47.52] Reading Object Chunk 0x4445 (ObjectInfoName)
[ObjectInfo\20:42:47.52] Reading Object Chunk 0x4446 (ObjectCommon)
[ObjectInfo\20:42:47.52] Reading Object Chunk 0x7F7F (Last)
[ObjectInfo\20:42:47.52] Reading Object Chunk 0x4444 (ObjectInfoHeader)
[ObjectInfo\20:42:47.52] Reading Object Chunk 0x4445 (ObjectInfoName)
[ObjectInfo\20:42:47.52] Reading Object Chunk 0x4446 (ObjectCommon)
[ObjectInfo\20:42:47.52] Reading Object Chunk 0x7F7F (Last)
[ObjectInfo\20:42:47.52] Reading Object Chunk 0x4444 (ObjectInfoHeader)
[ObjectInfo\20:42:47.52] Reading Object Chunk 0x4445 (ObjectInfoName)
[ObjectInfo\20:42:47.52] Reading Object Chunk 0x4446 (ObjectCommon)
[ObjectInfo\20:42:47.52] Reading Object Chunk 0x7F7F (Last)
[ObjectInfo\20:42:47.52] Reading Object Chunk 0x4444 (ObjectInfoHeader)
[ObjectInfo\20:42:47.52] Reading Object Chunk 0x4445 (ObjectInfoName)
[ObjectInfo\20:42:47.52] Reading Object Chunk 0x4446 (ObjectCommon)
[ObjectInfo\20:42:47.52] Reading Object Chunk 0x7F7F (Last)
[ObjectInfo\20:42:47.52] Reading Object Chunk 0x4444 (ObjectInfoHeader)
[ObjectInfo\20:42:47.52] Reading Object Chunk 0x4445 (ObjectInfoName)
[ObjectInfo\20:42:47.52] Reading Object Chunk 0x4446 (ObjectCommon)
[ObjectInfo\20:42:47.52] Reading Object Chunk 0x7F7F (Last)
[ObjectInfo\20:42:47.52] Reading Object Chunk 0x4444 (ObjectInfoHeader)
[ObjectInfo\20:42:47.52] Reading Object Chunk 0x4445 (ObjectInfoName)
[ObjectInfo\20:42:47.52] Reading Object Chunk 0x4446 (ObjectCommon)
[ObjectInfo\20:42:47.52] Reading Object Chunk 0x7F7F (Last)
[ObjectInfo\20:42:47.52] Reading Object Chunk 0x4444 (ObjectInfoHeader)
[ObjectInfo\20:42:47.52] Reading Object Chunk 0x4445 (ObjectInfoName)
[ObjectInfo\20:42:47.52] Reading Object Chunk 0x4446 (ObjectCommon)
[ObjectInfo\20:42:47.52] Reading Object Chunk 0x7F7F (Last)
[ObjectInfo\20:42:47.52] Reading Object Chunk 0x4444 (ObjectInfoHeader)
[ObjectInfo\20:42:47.52] Reading Object Chunk 0x4445 (ObjectInfoName)
[ObjectInfo\20:42:47.52] Reading Object Chunk 0x4446 (ObjectCommon)
[ObjectInfo\20:42:47.52] Reading Object Chunk 0x7F7F (Last)
[ObjectInfo\20:42:47.52] Reading Object Chunk 0x4444 (ObjectInfoHeader)
[ObjectInfo\20:42:47.52] Reading Object Chunk 0x4445 (ObjectInfoName)
[ObjectInfo\20:42:47.52] Reading Object Chunk 0x4446 (ObjectCommon)
[ObjectInfo\20:42:47.52] Reading Object Chunk 0x7F7F (Last)
[ObjectInfo\20:42:47.52] Reading Object Chunk 0x4444 (ObjectInfoHeader)
[ObjectInfo\20:42:47.52] Reading Object Chunk 0x4445 (ObjectInfoName)
[ObjectInfo\20:42:47.52] Reading Object Chunk 0x4446 (ObjectCommon)
[ObjectInfo\20:42:47.52] Reading Object Chunk 0x7F7F (Last)
[ObjectInfo\20:42:47.52] Reading Object Chunk 0x4444 (ObjectInfoHeader)
[ObjectInfo\20:42:47.52] Reading Object Chunk 0x4445 (ObjectInfoName)
[ObjectInfo\20:42:47.52] Reading Object Chunk 0x4446 (ObjectCommon)
[ObjectInfo\20:42:47.52] Reading Object Chunk 0x7F7F (Last)
[ObjectInfo\20:42:47.52] Reading Object Chunk 0x4444 (ObjectInfoHeader)
[ObjectInfo\20:42:47.52] Reading Object Chunk 0x4445 (ObjectInfoName)
[ObjectInfo\20:42:47.52] Reading Object Chunk 0x4446 (ObjectCommon)
[ObjectInfo\20:42:47.52] Reading Object Chunk 0x7F7F (Last)
[ObjectInfo\20:42:47.52] Reading Object Chunk 0x4444 (ObjectInfoHeader)
[ObjectInfo\20:42:47.52] Reading Object Chunk 0x4445 (ObjectInfoName)
[ObjectInfo\20:42:47.52] Reading Object Chunk 0x4446 (ObjectCommon)
[ObjectInfo\20:42:47.52] Reading Object Chunk 0x7F7F (Last)
[ObjectInfo\20:42:47.52] Reading Object Chunk 0x4444 (ObjectInfoHeader)
[ObjectInfo\20:42:47.52] Reading Object Chunk 0x4445 (ObjectInfoName)
[ObjectInfo\20:42:47.52] Reading Object Chunk 0x4446 (ObjectCommon)
[ObjectInfo\20:42:47.52] Reading Object Chunk 0x7F7F (Last)
[ObjectInfo\20:42:47.52] Reading Object Chunk 0x4444 (ObjectInfoHeader)
[ObjectInfo\20:42:47.52] Reading Object Chunk 0x4445 (ObjectInfoName)
[ObjectInfo\20:42:47.52] Reading Object Chunk 0x4446 (ObjectCommon)
[ObjectInfo\20:42:47.52] Reading Object Chunk 0x7F7F (Last)
[ObjectInfo\20:42:47.52] Reading Object Chunk 0x4444 (ObjectInfoHeader)
[ObjectInfo\20:42:47.52] Reading Object Chunk 0x4445 (ObjectInfoName)
[ObjectInfo\20:42:47.52] Reading Object Chunk 0x4446 (ObjectCommon)
[ObjectInfo\20:42:47.52] Reading Object Chunk 0x7F7F (Last)
[ObjectInfo\20:42:47.52] Reading Object Chunk 0x4444 (ObjectInfoHeader)
[ObjectInfo\20:42:47.52] Reading Object Chunk 0x4445 (ObjectInfoName)
[ObjectInfo\20:42:47.52] Reading Object Chunk 0x4446 (ObjectCommon)
[ObjectInfo\20:42:47.52] Reading Object Chunk 0x7F7F (Last)
[ObjectInfo\20:42:47.52] Reading Object Chunk 0x4444 (ObjectInfoHeader)
[ObjectInfo\20:42:47.52] Reading Object Chunk 0x4445 (ObjectInfoName)
[ObjectInfo\20:42:47.52] Reading Object Chunk 0x4446 (ObjectCommon)
[ObjectInfo\20:42:47.52] Reading Object Chunk 0x7F7F (Last)
[ObjectInfo\20:42:47.52] Reading Object Chunk 0x4444 (ObjectInfoHeader)
[ObjectInfo\20:42:47.52] Reading Object Chunk 0x4445 (ObjectInfoName)
[ObjectInfo\20:42:47.52] Reading Object Chunk 0x4446 (ObjectCommon)
[ObjectInfo\20:42:47.52] Reading Object Chunk 0x7F7F (Last)
[ObjectInfo\20:42:47.52] Reading Object Chunk 0x4444 (ObjectInfoHeader)
[ObjectInfo\20:42:47.52] Reading Object Chunk 0x4445 (ObjectInfoName)
[ObjectInfo\20:42:47.52] Reading Object Chunk 0x4446 (ObjectCommon)
[ObjectInfo\20:42:47.52] Reading Object Chunk 0x7F7F (Last)
[ObjectInfo\20:42:47.52] Reading Object Chunk 0x4444 (ObjectInfoHeader)
[ObjectInfo\20:42:47.52] Reading Object Chunk 0x4445 (ObjectInfoName)
[ObjectInfo\20:42:47.52] Reading Object Chunk 0x4446 (ObjectCommon)
[ObjectInfo\20:42:47.52] Reading Object Chunk 0x7F7F (Last)
[ObjectInfo\20:42:47.52] Reading Object Chunk 0x4444 (ObjectInfoHeader)
[ObjectInfo\20:42:47.52] Reading Object Chunk 0x4445 (ObjectInfoName)
[ObjectInfo\20:42:47.52] Reading Object Chunk 0x4446 (ObjectCommon)
[ObjectInfo\20:42:47.52] Reading Object Chunk 0x7F7F (Last)
[ObjectInfo\20:42:47.52] Reading Object Chunk 0x4444 (ObjectInfoHeader)
[ObjectInfo\20:42:47.52] Reading Object Chunk 0x4445 (ObjectInfoName)
[ObjectInfo\20:42:47.52] Reading Object Chunk 0x4446 (ObjectCommon)
[ObjectInfo\20:42:47.52] Reading Object Chunk 0x7F7F (Last)
[ObjectInfo\20:42:47.52] Reading Object Chunk 0x4444 (ObjectInfoHeader)
[ObjectInfo\20:42:47.52] Reading Object Chunk 0x4445 (ObjectInfoName)
[ObjectInfo\20:42:47.52] Reading Object Chunk 0x4446 (ObjectCommon)
[ObjectInfo\20:42:47.52] Reading Object Chunk 0x7F7F (Last)
[ObjectInfo\20:42:47.52] Reading Object Chunk 0x4444 (ObjectInfoHeader)
[ObjectInfo\20:42:47.52] Reading Object Chunk 0x4445 (ObjectInfoName)
[ObjectInfo\20:42:47.52] Reading Object Chunk 0x4446 (ObjectCommon)
[ObjectInfo\20:42:47.52] Reading Object Chunk 0x7F7F (Last)
[ObjectInfo\20:42:47.52] Reading Object Chunk 0x4444 (ObjectInfoHeader)
[ObjectInfo\20:42:47.52] Reading Object Chunk 0x4445 (ObjectInfoName)
[ObjectInfo\20:42:47.52] Reading Object Chunk 0x4446 (ObjectCommon)
[ObjectInfo\20:42:47.52] Reading Object Chunk 0x7F7F (Last)
[ObjectInfo\20:42:47.52] Reading Object Chunk 0x4444 (ObjectInfoHeader)
[ObjectInfo\20:42:47.52] Reading Object Chunk 0x4445 (ObjectInfoName)
[ObjectInfo\20:42:47.52] Reading Object Chunk 0x4446 (ObjectCommon)
[ObjectInfo\20:42:47.52] Reading Object Chunk 0x7F7F (Last)
[ObjectInfo\20:42:47.52] Reading Object Chunk 0x4444 (ObjectInfoHeader)
[ObjectInfo\20:42:47.52] Reading Object Chunk 0x4445 (ObjectInfoName)
[ObjectInfo\20:42:47.52] Reading Object Chunk 0x4446 (ObjectCommon)
[ObjectInfo\20:42:47.52] Reading Object Chunk 0x7F7F (Last)
[ObjectInfo\20:42:47.52] Reading Object Chunk 0x4444 (ObjectInfoHeader)
[ObjectInfo\20:42:47.52] Reading Object Chunk 0x4445 (ObjectInfoName)
[ObjectInfo\20:42:47.52] Reading Object Chunk 0x4446 (ObjectCommon)
[ObjectInfo\20:42:47.52] Reading Object Chunk 0x7F7F (Last)
[ObjectInfo\20:42:47.52] Reading Object Chunk 0x4444 (ObjectInfoHeader)
[ObjectInfo\20:42:47.52] Reading Object Chunk 0x4445 (ObjectInfoName)
[ObjectInfo\20:42:47.52] Reading Object Chunk 0x4446 (ObjectCommon)
[ObjectInfo\20:42:47.52] Reading Object Chunk 0x7F7F (Last)
[ObjectInfo\20:42:47.52] Reading Object Chunk 0x4444 (ObjectInfoHeader)
[ObjectInfo\20:42:47.52] Reading Object Chunk 0x4445 (ObjectInfoName)
[ObjectInfo\20:42:47.52] Reading Object Chunk 0x4446 (ObjectCommon)
[ObjectInfo\20:42:47.52] Reading Object Chunk 0x7F7F (Last)
[ObjectInfo\20:42:47.52] Reading Object Chunk 0x4444 (ObjectInfoHeader)
[ObjectInfo\20:42:47.52] Reading Object Chunk 0x4445 (ObjectInfoName)
[ObjectInfo\20:42:47.52] Reading Object Chunk 0x4446 (ObjectCommon)
[ObjectInfo\20:42:47.52] Reading Object Chunk 0x7F7F (Last)
[ObjectInfo\20:42:47.52] Reading Object Chunk 0x4444 (ObjectInfoHeader)
[ObjectInfo\20:42:47.52] Reading Object Chunk 0x4445 (ObjectInfoName)
[ObjectInfo\20:42:47.52] Reading Object Chunk 0x4446 (ObjectCommon)
[ObjectInfo\20:42:47.52] Reading Object Chunk 0x7F7F (Last)
[ObjectInfo\20:42:47.52] Reading Object Chunk 0x4444 (ObjectInfoHeader)
[ObjectInfo\20:42:47.52] Reading Object Chunk 0x4445 (ObjectInfoName)
[ObjectInfo\20:42:47.52] Reading Object Chunk 0x4446 (ObjectCommon)
[ObjectInfo\20:42:47.52] Reading Object Chunk 0x7F7F (Last)
[ObjectInfo\20:42:47.52] Reading Object Chunk 0x4444 (ObjectInfoHeader)
[ObjectInfo\20:42:47.52] Reading Object Chunk 0x4445 (ObjectInfoName)
[ObjectInfo\20:42:47.52] Reading Object Chunk 0x4446 (ObjectCommon)
[ObjectInfo\20:42:47.52] Reading Object Chunk 0x7F7F (Last)
[ObjectInfo\20:42:47.52] Reading Object Chunk 0x4444 (ObjectInfoHeader)
[ObjectInfo\20:42:47.52] Reading Object Chunk 0x4445 (ObjectInfoName)
[ObjectInfo\20:42:47.52] Reading Object Chunk 0x4446 (ObjectCommon)
[ObjectInfo\20:42:47.52] Reading Object Chunk 0x7F7F (Last)
[ObjectInfo\20:42:47.52] Reading Object Chunk 0x4444 (ObjectInfoHeader)
[ObjectInfo\20:42:47.52] Reading Object Chunk 0x4445 (ObjectInfoName)
[ObjectInfo\20:42:47.52] Reading Object Chunk 0x4446 (ObjectCommon)
[ObjectInfo\20:42:47.52] Reading Object Chunk 0x7F7F (Last)
[ObjectInfo\20:42:47.52] Reading Object Chunk 0x4444 (ObjectInfoHeader)
[ObjectInfo\20:42:47.52] Reading Object Chunk 0x4445 (ObjectInfoName)
[ObjectInfo\20:42:47.52] Reading Object Chunk 0x4446 (ObjectCommon)
[ObjectInfo\20:42:47.52] Reading Object Chunk 0x7F7F (Last)
[ObjectInfo\20:42:47.52] Reading Object Chunk 0x4444 (ObjectInfoHeader)
[ObjectInfo\20:42:47.52] Reading Object Chunk 0x4445 (ObjectInfoName)
[ObjectInfo\20:42:47.52] Reading Object Chunk 0x4446 (ObjectCommon)
[ObjectInfo\20:42:47.52] Reading Object Chunk 0x7F7F (Last)
[ObjectInfo\20:42:47.52] Reading Object Chunk 0x4444 (ObjectInfoHeader)
[ObjectInfo\20:42:47.52] Reading Object Chunk 0x4445 (ObjectInfoName)
[ObjectInfo\20:42:47.52] Reading Object Chunk 0x4446 (ObjectCommon)
[ObjectInfo\20:42:47.52] Reading Object Chunk 0x7F7F (Last)
[ObjectInfo\20:42:47.52] Reading Object Chunk 0x4444 (ObjectInfoHeader)
[ObjectInfo\20:42:47.52] Reading Object Chunk 0x4445 (ObjectInfoName)
[ObjectInfo\20:42:47.52] Reading Object Chunk 0x4446 (ObjectCommon)
[ObjectInfo\20:42:47.52] Reading Object Chunk 0x7F7F (Last)
[ObjectInfo\20:42:47.52] Reading Object Chunk 0x4444 (ObjectInfoHeader)
[ObjectInfo\20:42:47.52] Reading Object Chunk 0x4445 (ObjectInfoName)
[ObjectInfo\20:42:47.52] Reading Object Chunk 0x4446 (ObjectCommon)
[ObjectInfo\20:42:47.52] Reading Object Chunk 0x7F7F (Last)
[ObjectInfo\20:42:47.52] Reading Object Chunk 0x4444 (ObjectInfoHeader)
[ObjectInfo\20:42:47.52] Reading Object Chunk 0x4445 (ObjectInfoName)
[ObjectInfo\20:42:47.52] Reading Object Chunk 0x4446 (ObjectCommon)
[ObjectInfo\20:42:47.52] Reading Object Chunk 0x7F7F (Last)
[ObjectInfo\20:42:47.52] Reading Object Chunk 0x4444 (ObjectInfoHeader)
[ObjectInfo\20:42:47.52] Reading Object Chunk 0x4445 (ObjectInfoName)
[ObjectInfo\20:42:47.52] Reading Object Chunk 0x4446 (ObjectCommon)
[ObjectInfo\20:42:47.52] Reading Object Chunk 0x7F7F (Last)
[ObjectInfo\20:42:47.52] Reading Object Chunk 0x4444 (ObjectInfoHeader)
[ObjectInfo\20:42:47.52] Reading Object Chunk 0x4445 (ObjectInfoName)
[ObjectInfo\20:42:47.52] Reading Object Chunk 0x4446 (ObjectCommon)
[ObjectInfo\20:42:47.52] Reading Object Chunk 0x7F7F (Last)
[ObjectInfo\20:42:47.52] Reading Object Chunk 0x4444 (ObjectInfoHeader)
[ObjectInfo\20:42:47.52] Reading Object Chunk 0x4445 (ObjectInfoName)
[ObjectInfo\20:42:47.52] Reading Object Chunk 0x4446 (ObjectCommon)
[ObjectInfo\20:42:47.52] Reading Object Chunk 0x7F7F (Last)
[ObjectInfo\20:42:47.52] Reading Object Chunk 0x4444 (ObjectInfoHeader)
[ObjectInfo\20:42:47.52] Reading Object Chunk 0x4445 (ObjectInfoName)
[ObjectInfo\20:42:47.52] Reading Object Chunk 0x4446 (ObjectCommon)
[ObjectInfo\20:42:47.52] Reading Object Chunk 0x7F7F (Last)
[ObjectInfo\20:42:47.52] Reading Object Chunk 0x4444 (ObjectInfoHeader)
[ObjectInfo\20:42:47.52] Reading Object Chunk 0x4445 (ObjectInfoName)
[ObjectInfo\20:42:47.52] Reading Object Chunk 0x4446 (ObjectCommon)
[ObjectInfo\20:42:47.52] Reading Object Chunk 0x7F7F (Last)
[ObjectInfo\20:42:47.52] Reading Object Chunk 0x4444 (ObjectInfoHeader)
[ObjectInfo\20:42:47.52] Reading Object Chunk 0x4445 (ObjectInfoName)
[ObjectInfo\20:42:47.52] Reading Object Chunk 0x4446 (ObjectCommon)
[ObjectInfo\20:42:47.52] Reading Object Chunk 0x7F7F (Last)
[ObjectInfo\20:42:47.52] Reading Object Chunk 0x4444 (ObjectInfoHeader)
[ObjectInfo\20:42:47.52] Reading Object Chunk 0x4445 (ObjectInfoName)
[ObjectInfo\20:42:47.52] Reading Object Chunk 0x4446 (ObjectCommon)
[ObjectInfo\20:42:47.52] Reading Object Chunk 0x7F7F (Last)
[ObjectInfo\20:42:47.52] Reading Object Chunk 0x4444 (ObjectInfoHeader)
[ObjectInfo\20:42:47.52] Reading Object Chunk 0x4445 (ObjectInfoName)
[ObjectInfo\20:42:47.52] Reading Object Chunk 0x4446 (ObjectCommon)
[ObjectInfo\20:42:47.52] Reading Object Chunk 0x7F7F (Last)
[ObjectInfo\20:42:47.52] Reading Object Chunk 0x4444 (ObjectInfoHeader)
[ObjectInfo\20:42:47.52] Reading Object Chunk 0x4445 (ObjectInfoName)
[ObjectInfo\20:42:47.52] Reading Object Chunk 0x4446 (ObjectCommon)
[ObjectInfo\20:42:47.52] Reading Object Chunk 0x7F7F (Last)
[ObjectInfo\20:42:47.52] Reading Object Chunk 0x4444 (ObjectInfoHeader)
[ObjectInfo\20:42:47.52] Reading Object Chunk 0x4445 (ObjectInfoName)
[ObjectInfo\20:42:47.52] Reading Object Chunk 0x4446 (ObjectCommon)
[ObjectInfo\20:42:47.52] Reading Object Chunk 0x7F7F (Last)
[ObjectInfo\20:42:47.52] Reading Object Chunk 0x4444 (ObjectInfoHeader)
[ObjectInfo\20:42:47.52] Reading Object Chunk 0x4445 (ObjectInfoName)
[ObjectInfo\20:42:47.52] Reading Object Chunk 0x4446 (ObjectCommon)
[ObjectInfo\20:42:47.52] Reading Object Chunk 0x7F7F (Last)
[ObjectInfo\20:42:47.52] Reading Object Chunk 0x4444 (ObjectInfoHeader)
[ObjectInfo\20:42:47.52] Reading Object Chunk 0x4445 (ObjectInfoName)
[ObjectInfo\20:42:47.52] Reading Object Chunk 0x4446 (ObjectCommon)
[ObjectInfo\20:42:47.52] Reading Object Chunk 0x7F7F (Last)
[ObjectInfo\20:42:47.52] Reading Object Chunk 0x4444 (ObjectInfoHeader)
[ObjectInfo\20:42:47.52] Reading Object Chunk 0x4445 (ObjectInfoName)
[ObjectInfo\20:42:47.52] Reading Object Chunk 0x4446 (ObjectCommon)
[ObjectInfo\20:42:47.52] Reading Object Chunk 0x7F7F (Last)
[ObjectInfo\20:42:47.52] Reading Object Chunk 0x4444 (ObjectInfoHeader)
[ObjectInfo\20:42:47.52] Reading Object Chunk 0x4445 (ObjectInfoName)
[ObjectInfo\20:42:47.52] Reading Object Chunk 0x4446 (ObjectCommon)
[ObjectInfo\20:42:47.52] Reading Object Chunk 0x7F7F (Last)
[ObjectInfo\20:42:47.52] Reading Object Chunk 0x4444 (ObjectInfoHeader)
[ObjectInfo\20:42:47.52] Reading Object Chunk 0x4445 (ObjectInfoName)
[ObjectInfo\20:42:47.52] Reading Object Chunk 0x4446 (ObjectCommon)
[ObjectInfo\20:42:47.52] Reading Object Chunk 0x7F7F (Last)
[ObjectInfo\20:42:47.52] Reading Object Chunk 0x4444 (ObjectInfoHeader)
[ObjectInfo\20:42:47.52] Reading Object Chunk 0x4445 (ObjectInfoName)
[ObjectInfo\20:42:47.52] Reading Object Chunk 0x4446 (ObjectCommon)
[ObjectInfo\20:42:47.52] Reading Object Chunk 0x7F7F (Last)
[ObjectInfo\20:42:47.52] Reading Object Chunk 0x4444 (ObjectInfoHeader)
[ObjectInfo\20:42:47.52] Reading Object Chunk 0x4445 (ObjectInfoName)
[ObjectInfo\20:42:47.52] Reading Object Chunk 0x4446 (ObjectCommon)
[ObjectInfo\20:42:47.52] Reading Object Chunk 0x7F7F (Last)
[ObjectInfo\20:42:47.52] Reading Object Chunk 0x4444 (ObjectInfoHeader)
[ObjectInfo\20:42:47.52] Reading Object Chunk 0x4445 (ObjectInfoName)
[ObjectInfo\20:42:47.52] Reading Object Chunk 0x4446 (ObjectCommon)
[ObjectInfo\20:42:47.52] Reading Object Chunk 0x7F7F (Last)
[ObjectInfo\20:42:47.52] Reading Object Chunk 0x4444 (ObjectInfoHeader)
[ObjectInfo\20:42:47.52] Reading Object Chunk 0x4445 (ObjectInfoName)
[ObjectInfo\20:42:47.52] Reading Object Chunk 0x4446 (ObjectCommon)
[ObjectInfo\20:42:47.52] Reading Object Chunk 0x7F7F (Last)
[ObjectInfo\20:42:47.52] Reading Object Chunk 0x4444 (ObjectInfoHeader)
[ObjectInfo\20:42:47.52] Reading Object Chunk 0x4445 (ObjectInfoName)
[ObjectInfo\20:42:47.52] Reading Object Chunk 0x4446 (ObjectCommon)
[ObjectInfo\20:42:47.52] Reading Object Chunk 0x7F7F (Last)
[ObjectInfo\20:42:47.52] Reading Object Chunk 0x4444 (ObjectInfoHeader)
[ObjectInfo\20:42:47.52] Reading Object Chunk 0x4445 (ObjectInfoName)
[ObjectInfo\20:42:47.52] Reading Object Chunk 0x4446 (ObjectCommon)
[ObjectInfo\20:42:47.52] Reading Object Chunk 0x7F7F (Last)
[ObjectInfo\20:42:47.52] Reading Object Chunk 0x4444 (ObjectInfoHeader)
[ObjectInfo\20:42:47.52] Reading Object Chunk 0x4445 (ObjectInfoName)
[ObjectInfo\20:42:47.52] Reading Object Chunk 0x4446 (ObjectCommon)
[ObjectInfo\20:42:47.52] Reading Object Chunk 0x7F7F (Last)
[ObjectInfo\20:42:47.52] Reading Object Chunk 0x4444 (ObjectInfoHeader)
[ObjectInfo\20:42:47.52] Reading Object Chunk 0x4445 (ObjectInfoName)
[ObjectInfo\20:42:47.52] Reading Object Chunk 0x4446 (ObjectCommon)
[ObjectInfo\20:42:47.52] Reading Object Chunk 0x7F7F (Last)
[ObjectInfo\20:42:47.52] Reading Object Chunk 0x4444 (ObjectInfoHeader)
[ObjectInfo\20:42:47.52] Reading Object Chunk 0x4445 (ObjectInfoName)
[ObjectInfo\20:42:47.52] Reading Object Chunk 0x4446 (ObjectCommon)
[ObjectInfo\20:42:47.52] Reading Object Chunk 0x7F7F (Last)
[ObjectInfo\20:42:47.52] Reading Object Chunk 0x4444 (ObjectInfoHeader)
[ObjectInfo\20:42:47.52] Reading Object Chunk 0x4445 (ObjectInfoName)
[ObjectInfo\20:42:47.52] Reading Object Chunk 0x4446 (ObjectCommon)
[ObjectInfo\20:42:47.52] Reading Object Chunk 0x7F7F (Last)
[ObjectInfo\20:42:47.52] Reading Object Chunk 0x4444 (ObjectInfoHeader)
[ObjectInfo\20:42:47.52] Reading Object Chunk 0x4445 (ObjectInfoName)
[ObjectInfo\20:42:47.52] Reading Object Chunk 0x4446 (ObjectCommon)
[ObjectInfo\20:42:47.52] Reading Object Chunk 0x7F7F (Last)
[ObjectInfo\20:42:47.52] Reading Object Chunk 0x4444 (ObjectInfoHeader)
[ObjectInfo\20:42:47.52] Reading Object Chunk 0x4445 (ObjectInfoName)
[ObjectInfo\20:42:47.52] Reading Object Chunk 0x4446 (ObjectCommon)
[ObjectInfo\20:42:47.52] Reading Object Chunk 0x7F7F (Last)
[ObjectInfo\20:42:47.52] Reading Object Chunk 0x4444 (ObjectInfoHeader)
[ObjectInfo\20:42:47.52] Reading Object Chunk 0x4445 (ObjectInfoName)
[ObjectInfo\20:42:47.52] Reading Object Chunk 0x4446 (ObjectCommon)
[ObjectInfo\20:42:47.52] Reading Object Chunk 0x7F7F (Last)
[ObjectInfo\20:42:47.52] Reading Object Chunk 0x4444 (ObjectInfoHeader)
[ObjectInfo\20:42:47.52] Reading Object Chunk 0x4445 (ObjectInfoName)
[ObjectInfo\20:42:47.52] Reading Object Chunk 0x4446 (ObjectCommon)
[ObjectInfo\20:42:47.52] Reading Object Chunk 0x7F7F (Last)
[ObjectInfo\20:42:47.52] Reading Object Chunk 0x4444 (ObjectInfoHeader)
[ObjectInfo\20:42:47.52] Reading Object Chunk 0x4445 (ObjectInfoName)
[ObjectInfo\20:42:47.52] Reading Object Chunk 0x4446 (ObjectCommon)
[ObjectInfo\20:42:47.52] Reading Object Chunk 0x7F7F (Last)
[ObjectInfo\20:42:47.52] Reading Object Chunk 0x4444 (ObjectInfoHeader)
[ObjectInfo\20:42:47.52] Reading Object Chunk 0x4445 (ObjectInfoName)
[ObjectInfo\20:42:47.52] Reading Object Chunk 0x4446 (ObjectCommon)
[ObjectInfo\20:42:47.52] Reading Object Chunk 0x7F7F (Last)
[ObjectInfo\20:42:47.52] Reading Object Chunk 0x4444 (ObjectInfoHeader)
[ObjectInfo\20:42:47.52] Reading Object Chunk 0x4445 (ObjectInfoName)
[ObjectInfo\20:42:47.52] Reading Object Chunk 0x4446 (ObjectCommon)
[ObjectInfo\20:42:47.52] Reading Object Chunk 0x7F7F (Last)
[ObjectInfo\20:42:47.52] Reading Object Chunk 0x4444 (ObjectInfoHeader)
[ObjectInfo\20:42:47.52] Reading Object Chunk 0x4445 (ObjectInfoName)
[ObjectInfo\20:42:47.52] Reading Object Chunk 0x4446 (ObjectCommon)
[ObjectInfo\20:42:47.52] Reading Object Chunk 0x7F7F (Last)
[ObjectInfo\20:42:47.52] Reading Object Chunk 0x4444 (ObjectInfoHeader)
[ObjectInfo\20:42:47.52] Reading Object Chunk 0x4445 (ObjectInfoName)
[ObjectInfo\20:42:47.52] Reading Object Chunk 0x4446 (ObjectCommon)
[ObjectInfo\20:42:47.52] Reading Object Chunk 0x7F7F (Last)
[ObjectInfo\20:42:47.52] Reading Object Chunk 0x4444 (ObjectInfoHeader)
[ObjectInfo\20:42:47.52] Reading Object Chunk 0x4445 (ObjectInfoName)
[ObjectInfo\20:42:47.52] Reading Object Chunk 0x4446 (ObjectCommon)
[ObjectInfo\20:42:47.52] Reading Object Chunk 0x7F7F (Last)
[ObjectInfo\20:42:47.52] Reading Object Chunk 0x4444 (ObjectInfoHeader)
[ObjectInfo\20:42:47.52] Reading Object Chunk 0x4445 (ObjectInfoName)
[ObjectInfo\20:42:47.52] Reading Object Chunk 0x4446 (ObjectCommon)
[ObjectInfo\20:42:47.52] Reading Object Chunk 0x7F7F (Last)
[ObjectInfo\20:42:47.52] Reading Object Chunk 0x4444 (ObjectInfoHeader)
[ObjectInfo\20:42:47.52] Reading Object Chunk 0x4445 (ObjectInfoName)
[ObjectInfo\20:42:47.52] Reading Object Chunk 0x4446 (ObjectCommon)
[ObjectInfo\20:42:47.52] Reading Object Chunk 0x7F7F (Last)
[ObjectInfo\20:42:47.52] Reading Object Chunk 0x4444 (ObjectInfoHeader)
[ObjectInfo\20:42:47.52] Reading Object Chunk 0x4445 (ObjectInfoName)
[ObjectInfo\20:42:47.52] Reading Object Chunk 0x4446 (ObjectCommon)
[ObjectInfo\20:42:47.52] Reading Object Chunk 0x7F7F (Last)
[ObjectInfo\20:42:47.52] Reading Object Chunk 0x4444 (ObjectInfoHeader)
[ObjectInfo\20:42:47.52] Reading Object Chunk 0x4445 (ObjectInfoName)
[ObjectInfo\20:42:47.52] Reading Object Chunk 0x4446 (ObjectCommon)
[ObjectInfo\20:42:47.52] Reading Object Chunk 0x7F7F (Last)
[ObjectInfo\20:42:47.52] Reading Object Chunk 0x4444 (ObjectInfoHeader)
[ObjectInfo\20:42:47.52] Reading Object Chunk 0x4445 (ObjectInfoName)
[ObjectInfo\20:42:47.52] Reading Object Chunk 0x4446 (ObjectCommon)
[ObjectInfo\20:42:47.52] Reading Object Chunk 0x7F7F (Last)
[ObjectInfo\20:42:47.52] Reading Object Chunk 0x4444 (ObjectInfoHeader)
[ObjectInfo\20:42:47.52] Reading Object Chunk 0x4445 (ObjectInfoName)
[ObjectInfo\20:42:47.52] Reading Object Chunk 0x4446 (ObjectCommon)
[ObjectInfo\20:42:47.52] Reading Object Chunk 0x7F7F (Last)
[ObjectInfo\20:42:47.52] Reading Object Chunk 0x4444 (ObjectInfoHeader)
[ObjectInfo\20:42:47.52] Reading Object Chunk 0x4445 (ObjectInfoName)
[ObjectInfo\20:42:47.52] Reading Object Chunk 0x4446 (ObjectCommon)
[ObjectInfo\20:42:47.52] Reading Object Chunk 0x7F7F (Last)
[ObjectInfo\20:42:47.52] Reading Object Chunk 0x4444 (ObjectInfoHeader)
[ObjectInfo\20:42:47.52] Reading Object Chunk 0x4445 (ObjectInfoName)
[ObjectInfo\20:42:47.52] Reading Object Chunk 0x4446 (ObjectCommon)
[ObjectInfo\20:42:47.52] Reading Object Chunk 0x7F7F (Last)
[ObjectInfo\20:42:47.52] Reading Object Chunk 0x4444 (ObjectInfoHeader)
[ObjectInfo\20:42:47.52] Reading Object Chunk 0x4445 (ObjectInfoName)
[ObjectInfo\20:42:47.52] Reading Object Chunk 0x4446 (ObjectCommon)
[ObjectInfo\20:42:47.52] Reading Object Chunk 0x7F7F (Last)
[ObjectInfo\20:42:47.52] Reading Object Chunk 0x4444 (ObjectInfoHeader)
[ObjectInfo\20:42:47.52] Reading Object Chunk 0x4445 (ObjectInfoName)
[ObjectInfo\20:42:47.52] Reading Object Chunk 0x4446 (ObjectCommon)
[ObjectInfo\20:42:47.52] Reading Object Chunk 0x7F7F (Last)
[ObjectInfo\20:42:47.52] Reading Object Chunk 0x4444 (ObjectInfoHeader)
[ObjectInfo\20:42:47.52] Reading Object Chunk 0x4445 (ObjectInfoName)
[ObjectInfo\20:42:47.52] Reading Object Chunk 0x4446 (ObjectCommon)
[ObjectInfo\20:42:47.52] Reading Object Chunk 0x7F7F (Last)
[ObjectInfo\20:42:47.52] Reading Object Chunk 0x4444 (ObjectInfoHeader)
[ObjectInfo\20:42:47.52] Reading Object Chunk 0x4445 (ObjectInfoName)
[ObjectInfo\20:42:47.52] Reading Object Chunk 0x4446 (ObjectCommon)
[ObjectInfo\20:42:47.52] Reading Object Chunk 0x7F7F (Last)
[ObjectInfo\20:42:47.52] Reading Object Chunk 0x4444 (ObjectInfoHeader)
[ObjectInfo\20:42:47.52] Reading Object Chunk 0x4445 (ObjectInfoName)
[ObjectInfo\20:42:47.52] Reading Object Chunk 0x4446 (ObjectCommon)
[ObjectInfo\20:42:47.52] Reading Object Chunk 0x7F7F (Last)
[ObjectInfo\20:42:47.52] Reading Object Chunk 0x4444 (ObjectInfoHeader)
[ObjectInfo\20:42:47.52] Reading Object Chunk 0x4445 (ObjectInfoName)
[ObjectInfo\20:42:47.52] Reading Object Chunk 0x4446 (ObjectCommon)
[ObjectInfo\20:42:47.52] Reading Object Chunk 0x7F7F (Last)
[ObjectInfo\20:42:47.52] Reading Object Chunk 0x4444 (ObjectInfoHeader)
[ObjectInfo\20:42:47.52] Reading Object Chunk 0x4445 (ObjectInfoName)
[ObjectInfo\20:42:47.52] Reading Object Chunk 0x4446 (ObjectCommon)
[ObjectInfo\20:42:47.52] Reading Object Chunk 0x7F7F (Last)
[ObjectInfo\20:42:47.52] Reading Object Chunk 0x4444 (ObjectInfoHeader)
[ObjectInfo\20:42:47.52] Reading Object Chunk 0x4445 (ObjectInfoName)
[ObjectInfo\20:42:47.52] Reading Object Chunk 0x4446 (ObjectCommon)
[ObjectInfo\20:42:47.52] Reading Object Chunk 0x7F7F (Last)
[ObjectInfo\20:42:47.52] Reading Object Chunk 0x4444 (ObjectInfoHeader)
[ObjectInfo\20:42:47.52] Reading Object Chunk 0x4445 (ObjectInfoName)
[ObjectInfo\20:42:47.52] Reading Object Chunk 0x4446 (ObjectCommon)
[ObjectInfo\20:42:47.52] Reading Object Chunk 0x7F7F (Last)
[ObjectInfo\20:42:47.52] Reading Object Chunk 0x4444 (ObjectInfoHeader)
[ObjectInfo\20:42:47.52] Reading Object Chunk 0x4445 (ObjectInfoName)
[ObjectInfo\20:42:47.52] Reading Object Chunk 0x4446 (ObjectCommon)
[ObjectInfo\20:42:47.52] Reading Object Chunk 0x7F7F (Last)
[ObjectInfo\20:42:47.52] Reading Object Chunk 0x4444 (ObjectInfoHeader)
[ObjectInfo\20:42:47.52] Reading Object Chunk 0x4445 (ObjectInfoName)
[ObjectInfo\20:42:47.52] Reading Object Chunk 0x4446 (ObjectCommon)
[ObjectInfo\20:42:47.52] Reading Object Chunk 0x7F7F (Last)
[ObjectInfo\20:42:47.52] Reading Object Chunk 0x4444 (ObjectInfoHeader)
[ObjectInfo\20:42:47.52] Reading Object Chunk 0x4445 (ObjectInfoName)
[ObjectInfo\20:42:47.52] Reading Object Chunk 0x4446 (ObjectCommon)
[ObjectInfo\20:42:47.52] Reading Object Chunk 0x7F7F (Last)
[ObjectInfo\20:42:47.52] Reading Object Chunk 0x4444 (ObjectInfoHeader)
[ObjectInfo\20:42:47.52] Reading Object Chunk 0x4445 (ObjectInfoName)
[ObjectInfo\20:42:47.52] Reading Object Chunk 0x4446 (ObjectCommon)
[ObjectInfo\20:42:47.52] Reading Object Chunk 0x7F7F (Last)
[ObjectInfo\20:42:47.52] Reading Object Chunk 0x4444 (ObjectInfoHeader)
[ObjectInfo\20:42:47.52] Reading Object Chunk 0x4445 (ObjectInfoName)
[ObjectInfo\20:42:47.52] Reading Object Chunk 0x4446 (ObjectCommon)
[ObjectInfo\20:42:47.52] Reading Object Chunk 0x7F7F (Last)
[ObjectInfo\20:42:47.52] Reading Object Chunk 0x4444 (ObjectInfoHeader)
[ObjectInfo\20:42:47.52] Reading Object Chunk 0x4445 (ObjectInfoName)
[ObjectInfo\20:42:47.52] Reading Object Chunk 0x4446 (ObjectCommon)
[ObjectInfo\20:42:47.52] Reading Object Chunk 0x7F7F (Last)
[ObjectInfo\20:42:47.52] Reading Object Chunk 0x4444 (ObjectInfoHeader)
[ObjectInfo\20:42:47.52] Reading Object Chunk 0x4445 (ObjectInfoName)
[ObjectInfo\20:42:47.52] Reading Object Chunk 0x4446 (ObjectCommon)
[ObjectInfo\20:42:47.52] Reading Object Chunk 0x7F7F (Last)
[ObjectInfo\20:42:47.52] Reading Object Chunk 0x4444 (ObjectInfoHeader)
[ObjectInfo\20:42:47.52] Reading Object Chunk 0x4445 (ObjectInfoName)
[ObjectInfo\20:42:47.52] Reading Object Chunk 0x4446 (ObjectCommon)
[ObjectInfo\20:42:47.52] Reading Object Chunk 0x7F7F (Last)
[ObjectInfo\20:42:47.52] Reading Object Chunk 0x4444 (ObjectInfoHeader)
[ObjectInfo\20:42:47.52] Reading Object Chunk 0x4445 (ObjectInfoName)
[ObjectInfo\20:42:47.52] Reading Object Chunk 0x4446 (ObjectCommon)
[ObjectInfo\20:42:47.52] Reading Object Chunk 0x7F7F (Last)
[ObjectInfo\20:42:47.52] Reading Object Chunk 0x4444 (ObjectInfoHeader)
[ObjectInfo\20:42:47.52] Reading Object Chunk 0x4445 (ObjectInfoName)
[ObjectInfo\20:42:47.52] Reading Object Chunk 0x4446 (ObjectCommon)
[ObjectInfo\20:42:47.52] Reading Object Chunk 0x7F7F (Last)
[ObjectInfo\20:42:47.52] Reading Object Chunk 0x4444 (ObjectInfoHeader)
[ObjectInfo\20:42:47.52] Reading Object Chunk 0x4445 (ObjectInfoName)
[ObjectInfo\20:42:47.52] Reading Object Chunk 0x4446 (ObjectCommon)
[ObjectInfo\20:42:47.52] Reading Object Chunk 0x7F7F (Last)
[ObjectInfo\20:42:47.52] Reading Object Chunk 0x4444 (ObjectInfoHeader)
[ObjectInfo\20:42:47.52] Reading Object Chunk 0x4445 (ObjectInfoName)
[ObjectInfo\20:42:47.52] Reading Object Chunk 0x4446 (ObjectCommon)
[ObjectInfo\20:42:47.52] Reading Object Chunk 0x7F7F (Last)
[ObjectInfo\20:42:47.52] Reading Object Chunk 0x4444 (ObjectInfoHeader)
[ObjectInfo\20:42:47.52] Reading Object Chunk 0x4445 (ObjectInfoName)
[ObjectInfo\20:42:47.52] Reading Object Chunk 0x4446 (ObjectCommon)
[ObjectInfo\20:42:47.52] Reading Object Chunk 0x7F7F (Last)
[CCNPackageData\20:42:47.52] Reading Chunk 0x2237 (SerialNumber)
[CCNPackageData\20:42:47.52] Reading Chunk 0x222B (FrameHandles)
[CCNPackageData\20:42:47.52] Reading Chunk 0x2240 (ExeOnly)
[CCNPackageData\20:42:47.52] Reading Chunk 0x224D (UnknownChunk)
[UnknownChunk\20:42:47.52] Unknown Chunk: 0x224D
[CCNPackageData\20:42:47.52] Reading Chunk 0x3333 (Frame)
[Frame\20:42:47.52] Reading Frame Chunk 0x3334 (FrameHeader)
[Frame\20:42:47.52] Reading Frame Chunk 0x3342 (FrameRect)
[Frame\20:42:47.52] Reading Frame Chunk 0x3335 (FrameName)
[Frame\20:42:47.53] Reading Frame Chunk 0x3337 (FramePalette)
[Frame\20:42:47.53] Reading Frame Chunk 0x3341 (FrameLayers)
[Frame\20:42:47.53] Reading Frame Chunk 0x3345 (FrameLayerEffects)
[Frame\20:42:47.53] Reading Frame Chunk 0x3338 (FrameInstances)
[Frame\20:42:47.53] Reading Frame Chunk 0x333D (FrameEvents)
[Frame\20:42:47.53] Reading Frame Chunk 0x333B (FrameTransitionIn)
[Frame\20:42:47.53] Reading Frame Chunk 0x333C (FrameTransitionOut)
[Frame\20:42:47.53] Reading Frame Chunk 0x3347 (FrameMoveTimer)
[Frame\20:42:47.53] Reading Frame Chunk 0x3349 (FrameEffects)
[Frame\20:42:47.53] Reading Frame Chunk 0x7F7F (Last)
[Frame\20:42:47.53] Frame 'Frame 17' found.
[CCNPackageData\20:42:47.53] Reading Chunk 0x3333 (Frame)
[Frame\20:42:47.53] Reading Frame Chunk 0x3334 (FrameHeader)
[Frame\20:42:47.53] Reading Frame Chunk 0x3342 (FrameRect)
[Frame\20:42:47.53] Reading Frame Chunk 0x3335 (FrameName)
[Frame\20:42:47.53] Reading Frame Chunk 0x3337 (FramePalette)
[Frame\20:42:47.53] Reading Frame Chunk 0x3341 (FrameLayers)
[Frame\20:42:47.54] Reading Frame Chunk 0x3345 (FrameLayerEffects)
[Frame\20:42:47.54] Reading Frame Chunk 0x3338 (FrameInstances)
[Frame\20:42:47.54] Reading Frame Chunk 0x333D (FrameEvents)
[Frame\20:42:47.54] Reading Frame Chunk 0x3347 (FrameMoveTimer)
[Frame\20:42:47.54] Reading Frame Chunk 0x3349 (FrameEffects)
[Frame\20:42:47.54] Reading Frame Chunk 0x7F7F (Last)
[Frame\20:42:47.54] Frame 'title' found.
[CCNPackageData\20:42:47.54] Reading Chunk 0x3333 (Frame)
[Frame\20:42:47.54] Reading Frame Chunk 0x3334 (FrameHeader)
[Frame\20:42:47.54] Reading Frame Chunk 0x3342 (FrameRect)
[Frame\20:42:47.54] Reading Frame Chunk 0x3335 (FrameName)
[Frame\20:42:47.54] Reading Frame Chunk 0x3337 (FramePalette)
[Frame\20:42:47.54] Reading Frame Chunk 0x3341 (FrameLayers)
[Frame\20:42:47.54] Reading Frame Chunk 0x3345 (FrameLayerEffects)
[Frame\20:42:47.54] Reading Frame Chunk 0x3338 (FrameInstances)
[Frame\20:42:47.54] Reading Frame Chunk 0x333D (FrameEvents)
[Frame\20:42:47.54] Reading Frame Chunk 0x333C (FrameTransitionOut)
[Frame\20:42:47.54] Reading Frame Chunk 0x3347 (FrameMoveTimer)
[Frame\20:42:47.54] Reading Frame Chunk 0x3349 (FrameEffects)
[Frame\20:42:47.54] Reading Frame Chunk 0x7F7F (Last)
[Frame\20:42:47.54] Frame 'what day' found.
[CCNPackageData\20:42:47.54] Reading Chunk 0x3333 (Frame)
[Frame\20:42:47.54] Reading Frame Chunk 0x3334 (FrameHeader)
[Frame\20:42:47.54] Reading Frame Chunk 0x3342 (FrameRect)
[Frame\20:42:47.54] Reading Frame Chunk 0x3335 (FrameName)
[Frame\20:42:47.54] Reading Frame Chunk 0x3337 (FramePalette)
[Frame\20:42:47.54] Reading Frame Chunk 0x3341 (FrameLayers)
[Frame\20:42:47.54] Reading Frame Chunk 0x3345 (FrameLayerEffects)
[Frame\20:42:47.54] Reading Frame Chunk 0x3338 (FrameInstances)
[Frame\20:42:47.54] Reading Frame Chunk 0x333D (FrameEvents)
[Frame\20:42:47.54] Reading Frame Chunk 0x3347 (FrameMoveTimer)
[Frame\20:42:47.54] Reading Frame Chunk 0x3349 (FrameEffects)
[Frame\20:42:47.54] Reading Frame Chunk 0x7F7F (Last)
[Frame\20:42:47.54] Frame 'Frame 1' found.
[CCNPackageData\20:42:47.54] Reading Chunk 0x3333 (Frame)
[Frame\20:42:47.54] Reading Frame Chunk 0x3334 (FrameHeader)
[Frame\20:42:47.54] Reading Frame Chunk 0x3342 (FrameRect)
[Frame\20:42:47.54] Reading Frame Chunk 0x3335 (FrameName)
[Frame\20:42:47.54] Reading Frame Chunk 0x3337 (FramePalette)
[Frame\20:42:47.54] Reading Frame Chunk 0x3341 (FrameLayers)
[Frame\20:42:47.54] Reading Frame Chunk 0x3345 (FrameLayerEffects)
[Frame\20:42:47.54] Reading Frame Chunk 0x3338 (FrameInstances)
[Frame\20:42:47.54] Reading Frame Chunk 0x333D (FrameEvents)
[Frame\20:42:47.54] Reading Frame Chunk 0x3347 (FrameMoveTimer)
[Frame\20:42:47.54] Reading Frame Chunk 0x3349 (FrameEffects)
[Frame\20:42:47.54] Reading Frame Chunk 0x7F7F (Last)
[Frame\20:42:47.54] Frame 'died' found.
[CCNPackageData\20:42:47.54] Reading Chunk 0x3333 (Frame)
[Frame\20:42:47.54] Reading Frame Chunk 0x3334 (FrameHeader)
[Frame\20:42:47.54] Reading Frame Chunk 0x3342 (FrameRect)
[Frame\20:42:47.54] Reading Frame Chunk 0x3335 (FrameName)
[Frame\20:42:47.54] Reading Frame Chunk 0x3337 (FramePalette)
[Frame\20:42:47.54] Reading Frame Chunk 0x3341 (FrameLayers)
[Frame\20:42:47.54] Reading Frame Chunk 0x3345 (FrameLayerEffects)
[Frame\20:42:47.54] Reading Frame Chunk 0x3338 (FrameInstances)
[Frame\20:42:47.54] Reading Frame Chunk 0x333D (FrameEvents)
[Frame\20:42:47.54] Reading Frame Chunk 0x3347 (FrameMoveTimer)
[Frame\20:42:47.54] Reading Frame Chunk 0x3349 (FrameEffects)
[Frame\20:42:47.54] Reading Frame Chunk 0x7F7F (Last)
[Frame\20:42:47.54] Frame 'freddy' found.
[CCNPackageData\20:42:47.54] Reading Chunk 0x3333 (Frame)
[Frame\20:42:47.54] Reading Frame Chunk 0x3334 (FrameHeader)
[Frame\20:42:47.54] Reading Frame Chunk 0x3342 (FrameRect)
[Frame\20:42:47.54] Reading Frame Chunk 0x3335 (FrameName)
[Frame\20:42:47.54] Reading Frame Chunk 0x3337 (FramePalette)
[Frame\20:42:47.54] Reading Frame Chunk 0x3341 (FrameLayers)
[Frame\20:42:47.54] Reading Frame Chunk 0x3345 (FrameLayerEffects)
[Frame\20:42:47.54] Reading Frame Chunk 0x3338 (FrameInstances)
[Frame\20:42:47.54] Reading Frame Chunk 0x333D (FrameEvents)
[Frame\20:42:47.54] Reading Frame Chunk 0x333B (FrameTransitionIn)
[Frame\20:42:47.54] Reading Frame Chunk 0x333C (FrameTransitionOut)
[Frame\20:42:47.54] Reading Frame Chunk 0x3347 (FrameMoveTimer)
[Frame\20:42:47.54] Reading Frame Chunk 0x3349 (FrameEffects)
[Frame\20:42:47.54] Reading Frame Chunk 0x7F7F (Last)
[Frame\20:42:47.54] Frame 'next day' found.
[CCNPackageData\20:42:47.54] Reading Chunk 0x3333 (Frame)
[Frame\20:42:47.54] Reading Frame Chunk 0x3334 (FrameHeader)
[Frame\20:42:47.54] Reading Frame Chunk 0x3342 (FrameRect)
[Frame\20:42:47.54] Reading Frame Chunk 0x3335 (FrameName)
[Frame\20:42:47.54] Reading Frame Chunk 0x3337 (FramePalette)
[Frame\20:42:47.54] Reading Frame Chunk 0x3341 (FrameLayers)
[Frame\20:42:47.54] Reading Frame Chunk 0x3345 (FrameLayerEffects)
[Frame\20:42:47.54] Reading Frame Chunk 0x3338 (FrameInstances)
[Frame\20:42:47.54] Reading Frame Chunk 0x333D (FrameEvents)
[Frame\20:42:47.54] Reading Frame Chunk 0x3347 (FrameMoveTimer)
[Frame\20:42:47.54] Reading Frame Chunk 0x3349 (FrameEffects)
[Frame\20:42:47.54] Reading Frame Chunk 0x7F7F (Last)
[Frame\20:42:47.54] Frame 'wait' found.
[CCNPackageData\20:42:47.54] Reading Chunk 0x3333 (Frame)
[Frame\20:42:47.55] Reading Frame Chunk 0x3334 (FrameHeader)
[Frame\20:42:47.55] Reading Frame Chunk 0x3342 (FrameRect)
[Frame\20:42:47.55] Reading Frame Chunk 0x3335 (FrameName)
[Frame\20:42:47.55] Reading Frame Chunk 0x3337 (FramePalette)
[Frame\20:42:47.55] Reading Frame Chunk 0x3341 (FrameLayers)
[Frame\20:42:47.55] Reading Frame Chunk 0x3345 (FrameLayerEffects)
[Frame\20:42:47.55] Reading Frame Chunk 0x3338 (FrameInstances)
[Frame\20:42:47.55] Reading Frame Chunk 0x333D (FrameEvents)
[Frame\20:42:47.55] Reading Frame Chunk 0x333B (FrameTransitionIn)
[Frame\20:42:47.55] Reading Frame Chunk 0x3347 (FrameMoveTimer)
[Frame\20:42:47.55] Reading Frame Chunk 0x3349 (FrameEffects)
[Frame\20:42:47.55] Reading Frame Chunk 0x7F7F (Last)
[Frame\20:42:47.55] Frame 'gameover' found.
[CCNPackageData\20:42:47.55] Reading Chunk 0x3333 (Frame)
[Frame\20:42:47.55] Reading Frame Chunk 0x3334 (FrameHeader)
[Frame\20:42:47.55] Reading Frame Chunk 0x3342 (FrameRect)
[Frame\20:42:47.55] Reading Frame Chunk 0x3335 (FrameName)
[Frame\20:42:47.55] Reading Frame Chunk 0x3337 (FramePalette)
[Frame\20:42:47.55] Reading Frame Chunk 0x3341 (FrameLayers)
[Frame\20:42:47.55] Reading Frame Chunk 0x3345 (FrameLayerEffects)
[Frame\20:42:47.55] Reading Frame Chunk 0x3338 (FrameInstances)
[Frame\20:42:47.55] Reading Frame Chunk 0x333D (FrameEvents)
[Frame\20:42:47.55] Reading Frame Chunk 0x333B (FrameTransitionIn)
[Frame\20:42:47.55] Reading Frame Chunk 0x333C (FrameTransitionOut)
[Frame\20:42:47.55] Reading Frame Chunk 0x3347 (FrameMoveTimer)
[Frame\20:42:47.55] Reading Frame Chunk 0x3349 (FrameEffects)
[Frame\20:42:47.55] Reading Frame Chunk 0x7F7F (Last)
[Frame\20:42:47.55] Frame 'the end' found.
[CCNPackageData\20:42:47.55] Reading Chunk 0x3333 (Frame)
[Frame\20:42:47.55] Reading Frame Chunk 0x3334 (FrameHeader)
[Frame\20:42:47.55] Reading Frame Chunk 0x3342 (FrameRect)
[Frame\20:42:47.55] Reading Frame Chunk 0x3335 (FrameName)
[Frame\20:42:47.55] Reading Frame Chunk 0x3337 (FramePalette)
[Frame\20:42:47.55] Reading Frame Chunk 0x3341 (FrameLayers)
[Frame\20:42:47.55] Reading Frame Chunk 0x3345 (FrameLayerEffects)
[Frame\20:42:47.55] Reading Frame Chunk 0x3338 (FrameInstances)
[Frame\20:42:47.55] Reading Frame Chunk 0x333D (FrameEvents)
[Frame\20:42:47.55] Reading Frame Chunk 0x333B (FrameTransitionIn)
[Frame\20:42:47.55] Reading Frame Chunk 0x333C (FrameTransitionOut)
[Frame\20:42:47.55] Reading Frame Chunk 0x3347 (FrameMoveTimer)
[Frame\20:42:47.55] Reading Frame Chunk 0x3349 (FrameEffects)
[Frame\20:42:47.55] Reading Frame Chunk 0x7F7F (Last)
[Frame\20:42:47.55] Frame 'ad' found.
[CCNPackageData\20:42:47.55] Reading Chunk 0x3333 (Frame)
[Frame\20:42:47.55] Reading Frame Chunk 0x3334 (FrameHeader)
[Frame\20:42:47.55] Reading Frame Chunk 0x3342 (FrameRect)
[Frame\20:42:47.55] Reading Frame Chunk 0x3335 (FrameName)
[Frame\20:42:47.55] Reading Frame Chunk 0x3337 (FramePalette)
[Frame\20:42:47.55] Reading Frame Chunk 0x3341 (FrameLayers)
[Frame\20:42:47.55] Reading Frame Chunk 0x3345 (FrameLayerEffects)
[Frame\20:42:47.55] Reading Frame Chunk 0x3338 (FrameInstances)
[Frame\20:42:47.55] Reading Frame Chunk 0x333D (FrameEvents)
[Frame\20:42:47.55] Reading Frame Chunk 0x333B (FrameTransitionIn)
[Frame\20:42:47.55] Reading Frame Chunk 0x333C (FrameTransitionOut)
[Frame\20:42:47.55] Reading Frame Chunk 0x3347 (FrameMoveTimer)
[Frame\20:42:47.55] Reading Frame Chunk 0x3349 (FrameEffects)
[Frame\20:42:47.55] Reading Frame Chunk 0x7F7F (Last)
[Frame\20:42:47.55] Frame 'the end 2' found.
[CCNPackageData\20:42:47.55] Reading Chunk 0x3333 (Frame)
[Frame\20:42:47.55] Reading Frame Chunk 0x3334 (FrameHeader)
[Frame\20:42:47.55] Reading Frame Chunk 0x3342 (FrameRect)
[Frame\20:42:47.55] Reading Frame Chunk 0x3335 (FrameName)
[Frame\20:42:47.55] Reading Frame Chunk 0x3337 (FramePalette)
[Frame\20:42:47.55] Reading Frame Chunk 0x3341 (FrameLayers)
[Frame\20:42:47.55] Reading Frame Chunk 0x3345 (FrameLayerEffects)
[Frame\20:42:47.55] Reading Frame Chunk 0x3338 (FrameInstances)
[Frame\20:42:47.55] Reading Frame Chunk 0x333D (FrameEvents)
[Frame\20:42:47.55] Reading Frame Chunk 0x333B (FrameTransitionIn)
[Frame\20:42:47.55] Reading Frame Chunk 0x3347 (FrameMoveTimer)
[Frame\20:42:47.55] Reading Frame Chunk 0x3349 (FrameEffects)
[Frame\20:42:47.55] Reading Frame Chunk 0x7F7F (Last)
[Frame\20:42:47.55] Frame 'customize' found.
[CCNPackageData\20:42:47.55] Reading Chunk 0x3333 (Frame)
[Frame\20:42:47.55] Reading Frame Chunk 0x3334 (FrameHeader)
[Frame\20:42:47.55] Reading Frame Chunk 0x3342 (FrameRect)
[Frame\20:42:47.55] Reading Frame Chunk 0x3335 (FrameName)
[Frame\20:42:47.55] Reading Frame Chunk 0x3337 (FramePalette)
[Frame\20:42:47.55] Reading Frame Chunk 0x3341 (FrameLayers)
[Frame\20:42:47.55] Reading Frame Chunk 0x3345 (FrameLayerEffects)
[Frame\20:42:47.55] Reading Frame Chunk 0x3338 (FrameInstances)
[Frame\20:42:47.55] Reading Frame Chunk 0x333D (FrameEvents)
[Frame\20:42:47.55] Reading Frame Chunk 0x333B (FrameTransitionIn)
[Frame\20:42:47.55] Reading Frame Chunk 0x333C (FrameTransitionOut)
[Frame\20:42:47.55] Reading Frame Chunk 0x3347 (FrameMoveTimer)
[Frame\20:42:47.55] Reading Frame Chunk 0x3349 (FrameEffects)
[Frame\20:42:47.55] Reading Frame Chunk 0x7F7F (Last)
[Frame\20:42:47.55] Frame 'the end 3' found.
[CCNPackageData\20:42:47.55] Reading Chunk 0x3333 (Frame)
[Frame\20:42:47.55] Reading Frame Chunk 0x3334 (FrameHeader)
[Frame\20:42:47.55] Reading Frame Chunk 0x3342 (FrameRect)
[Frame\20:42:47.55] Reading Frame Chunk 0x3335 (FrameName)
[Frame\20:42:47.55] Reading Frame Chunk 0x3337 (FramePalette)
[Frame\20:42:47.56] Reading Frame Chunk 0x3341 (FrameLayers)
[Frame\20:42:47.56] Reading Frame Chunk 0x3345 (FrameLayerEffects)
[Frame\20:42:47.56] Reading Frame Chunk 0x3338 (FrameInstances)
[Frame\20:42:47.56] Reading Frame Chunk 0x333D (FrameEvents)
[Frame\20:42:47.56] Reading Frame Chunk 0x3347 (FrameMoveTimer)
[Frame\20:42:47.56] Reading Frame Chunk 0x3349 (FrameEffects)
[Frame\20:42:47.56] Reading Frame Chunk 0x7F7F (Last)
[Frame\20:42:47.56] Frame 'creepy start' found.
[CCNPackageData\20:42:47.56] Reading Chunk 0x3333 (Frame)
[Frame\20:42:47.56] Reading Frame Chunk 0x3334 (FrameHeader)
[Frame\20:42:47.56] Reading Frame Chunk 0x3342 (FrameRect)
[Frame\20:42:47.56] Reading Frame Chunk 0x3335 (FrameName)
[Frame\20:42:47.56] Reading Frame Chunk 0x3337 (FramePalette)
[Frame\20:42:47.56] Reading Frame Chunk 0x3341 (FrameLayers)
[Frame\20:42:47.56] Reading Frame Chunk 0x3345 (FrameLayerEffects)
[Frame\20:42:47.56] Reading Frame Chunk 0x3338 (FrameInstances)
[Frame\20:42:47.56] Reading Frame Chunk 0x333D (FrameEvents)
[Frame\20:42:47.56] Reading Frame Chunk 0x3347 (FrameMoveTimer)
[Frame\20:42:47.56] Reading Frame Chunk 0x3349 (FrameEffects)
[Frame\20:42:47.56] Reading Frame Chunk 0x7F7F (Last)
[Frame\20:42:47.56] Frame 'creepy end' found.
[CCNPackageData\20:42:47.56] Reading Chunk 0x3333 (Frame)
[Frame\20:42:47.56] Reading Frame Chunk 0x3334 (FrameHeader)
[Frame\20:42:47.56] Reading Frame Chunk 0x3342 (FrameRect)
[Frame\20:42:47.56] Reading Frame Chunk 0x3335 (FrameName)
[Frame\20:42:47.56] Reading Frame Chunk 0x3337 (FramePalette)
[Frame\20:42:47.56] Reading Frame Chunk 0x3341 (FrameLayers)
[Frame\20:42:47.56] Reading Frame Chunk 0x3345 (FrameLayerEffects)
[Frame\20:42:47.56] Reading Frame Chunk 0x3338 (FrameInstances)
[Frame\20:42:47.56] Reading Frame Chunk 0x333D (FrameEvents)
[Frame\20:42:47.56] Reading Frame Chunk 0x333B (FrameTransitionIn)
[Frame\20:42:47.56] Reading Frame Chunk 0x333C (FrameTransitionOut)
[Frame\20:42:47.56] Reading Frame Chunk 0x3347 (FrameMoveTimer)
[Frame\20:42:47.56] Reading Frame Chunk 0x3349 (FrameEffects)
[Frame\20:42:47.56] Reading Frame Chunk 0x7F7F (Last)
[Frame\20:42:47.56] Frame 'end of demo' found.
[CCNPackageData\20:42:47.56] Reading Chunk 0x2242 (Protection)
[CCNPackageData\20:42:47.60] Reading Chunk 0x6666 (ImageBank)
[CCNPackageData\20:42:47.67] Reading Chunk 0x5555 (ImageOffsets)
[CCNPackageData\20:42:47.67] Reading Chunk 0x6667 (FontBank)
[CCNPackageData\20:42:47.68] Reading Chunk 0x5556 (FontOffsets)
[CCNPackageData\20:42:47.73] Reading Chunk 0x6668 (SoundBank)
[CCNPackageData\20:42:48.49] Reading Chunk 0x5557 (SoundOffsets)
[CCNPackageData\20:42:48.49] Reading Chunk 0x7F7F (Last)
